#
# There is insufficient memory for the Java Runtime Environment to continue.
# Native memory allocation (malloc) failed to allocate 1396816 bytes for Chunk::new
# Possible reasons:
#   The system is out of physical RAM or swap space
#   The process is running with CompressedOops enabled, and the Java Heap may be blocking the growth of the native heap
# Possible solutions:
#   Reduce memory load on the system
#   Increase physical memory or swap space
#   Check if swap backing store is full
#   Decrease Java heap size (-Xmx/-Xms)
#   Decrease number of Java threads
#   Decrease Java thread stack sizes (-Xss)
#   Set larger code cache with -XX:ReservedCodeCacheSize=
#   JVM is running with Unscaled Compressed Oops mode in which the Java heap is
#     placed in the first 4GB address space. The Java Heap base address is the
#     maximum limit for the native heap growth. Please use -XX:HeapBaseMinAddress
#     to set the Java Heap base and to place the Java Heap above 4GB virtual address.
# This output file may be truncated or incomplete.
#
#  Out of Memory Error (./src/hotspot/share/memory/arena.cpp:197), pid=15364, tid=492
#
# JRE version: OpenJDK Runtime Environment (11.0.13) (build 11.0.13+0-b1751.21-8125866)
# Java VM: OpenJDK 64-Bit Server VM (11.0.13+0-b1751.21-8125866, mixed mode, tiered, compressed oops, g1 gc, windows-amd64)
# No core dump will be written. Minidumps are not enabled by default on client versions of Windows
#

---------------  S U M M A R Y ------------

Command Line: --add-opens=java.base/java.util=ALL-UNNAMED --add-opens=java.base/java.lang=ALL-UNNAMED --add-opens=java.base/java.lang.invoke=ALL-UNNAMED --add-opens=java.base/java.util=ALL-UNNAMED --add-opens=java.prefs/java.util.prefs=ALL-UNNAMED --add-opens=java.prefs/java.util.prefs=ALL-UNNAMED --add-opens=java.base/java.nio.charset=ALL-UNNAMED --add-opens=java.base/java.net=ALL-UNNAMED --add-opens=java.base/java.util.concurrent.atomic=ALL-UNNAMED -Xmx2048m -Dfile.encoding=UTF-8 -Duser.country=US -Duser.language=en -Duser.variant org.gradle.launcher.daemon.bootstrap.GradleDaemon 7.4

Host: Intel(R) Core(TM) i7-8550U CPU @ 1.80GHz, 8 cores, 7G,  Windows 10 , 64 bit Build 19041 (10.0.19041.2788)
Time: Mon May  1 20:57:36 2023 West Bank Gaza Daylight Time elapsed time: 22.710099 seconds (0d 0h 0m 22s)

---------------  T H R E A D  ---------------

Current thread (0x0000021bcd282800):  JavaThread "C2 CompilerThread1" daemon [_thread_in_native, id=492, stack(0x0000002d00400000,0x0000002d00500000)]


Current CompileTask:
C2:  22710 11422       4       org.gradle.tooling.internal.adapter.ProtocolToModelAdapter$InvocationHandlerImpl::invoke (176 bytes)

Stack: [0x0000002d00400000,0x0000002d00500000]
Native frames: (J=compiled Java code, j=interpreted, Vv=VM code, C=native code)
V  [jvm.dll+0x6100fa]
V  [jvm.dll+0x747090]
V  [jvm.dll+0x7486ad]
V  [jvm.dll+0x748d83]
V  [jvm.dll+0x24ab48]
V  [jvm.dll+0xc04dc]
V  [jvm.dll+0xc0a0c]
V  [jvm.dll+0x35eb9d]
V  [jvm.dll+0x19d627]
V  [jvm.dll+0x2033be]
V  [jvm.dll+0x202437]
V  [jvm.dll+0x188e01]
V  [jvm.dll+0x21106b]
V  [jvm.dll+0x20f8c1]
V  [jvm.dll+0x70de0f]
V  [jvm.dll+0x706a75]
V  [jvm.dll+0x60ed66]
C  [ucrtbase.dll+0x21bb2]
C  [KERNEL32.DLL+0x17604]
C  [ntdll.dll+0x526a1]


---------------  P R O C E S S  ---------------

Threads class SMR info:
_java_thread_list=0x0000021bce8d1360, length=127, elements={
0x0000021baa7f0000, 0x0000021bc4c9a000, 0x0000021bc4c9d000, 0x0000021bc54e5800,
0x0000021bc54e6800, 0x0000021bc54e7800, 0x0000021bc54e8800, 0x0000021bc54ec000,
0x0000021bc54f2800, 0x0000021bc565c800, 0x0000021bc73eb800, 0x0000021bc7786000,
0x0000021bc865c800, 0x0000021bc7082000, 0x0000021bc7ab8000, 0x0000021bc77bf800,
0x0000021bc77c0800, 0x0000021bc6dcc800, 0x0000021bc6fe6000, 0x0000021bc7b34000,
0x0000021bc7104000, 0x0000021bc7107000, 0x0000021bc7103000, 0x0000021bc7104800,
0x0000021bc7105800, 0x0000021bc7102800, 0x0000021bc7109000, 0x0000021bc7108000,
0x0000021bc7106800, 0x0000021bc8c44800, 0x0000021bc8c49800, 0x0000021bc8c47000,
0x0000021bc8c46000, 0x0000021bc8c45800, 0x0000021bc8c48000, 0x0000021bc8c48800,
0x0000021bc8c43800, 0x0000021bc8c4e800, 0x0000021bc8c4d800, 0x0000021bc8c50800,
0x0000021bc8c51800, 0x0000021bcd282800, 0x0000021bc8c4c000, 0x0000021bc8c52800,
0x0000021bcb363000, 0x0000021bcb35f000, 0x0000021bcb360000, 0x0000021bcb35e000,
0x0000021bcb360800, 0x0000021bcb35d800, 0x0000021bcb361800, 0x0000021bcb364000,
0x0000021bcb365000, 0x0000021bcb368000, 0x0000021bcb367000, 0x0000021bcb365800,
0x0000021bcb366800, 0x0000021bcb362800, 0x0000021bcb369800, 0x0000021bcb369000,
0x0000021bcb36a800, 0x0000021bcb36b800, 0x0000021bcb36c000, 0x0000021bc5add800,
0x0000021bc5adf800, 0x0000021bc5ae0000, 0x0000021bc5add000, 0x0000021bc5adc000,
0x0000021bc5ade800, 0x0000021bc5ada800, 0x0000021bc5ae1000, 0x0000021bc5adb000,
0x0000021bc5ae6800, 0x0000021bc5ae6000, 0x0000021bc5ae7800, 0x0000021bc5ae3800,
0x0000021bc5ae1800, 0x0000021bc5ae8800, 0x0000021bc5ae4000, 0x0000021bc5ae5000,
0x0000021bc5ae2800, 0x0000021bc5ae9000, 0x0000021bc82b8800, 0x0000021bc82b7000,
0x0000021bc82bc000, 0x0000021bc82b6000, 0x0000021bc82b8000, 0x0000021bc82bb000,
0x0000021bc82bc800, 0x0000021bc82bd800, 0x0000021bc82be800, 0x0000021bc82bf000,
0x0000021bc82b9800, 0x0000021bc82c0000, 0x0000021bc82ba800, 0x0000021bc82c4000,
0x0000021bc82c1000, 0x0000021bc82c5000, 0x0000021bc82c2800, 0x0000021bc82c3800,
0x0000021bc82c1800, 0x0000021bc6a03800, 0x0000021bc6a06000, 0x0000021bc6a0a000,
0x0000021bc6a08800, 0x0000021bc6a07000, 0x0000021bc6a07800, 0x0000021bc6a09800,
0x0000021bc6a04800, 0x0000021bc6a0b000, 0x0000021bc6a05800, 0x0000021bc6a0c000,
0x0000021bc6a0d800, 0x0000021bc6a11800, 0x0000021bc6a10000, 0x0000021bc6a12800,
0x0000021bc6a0c800, 0x0000021bc6a0e000, 0x0000021bc6a0f000, 0x0000021bc6a10800,
0x0000021bc7ce4800, 0x0000021bc7ce1000, 0x0000021bc7ce2000, 0x0000021bc7ce2800,
0x0000021bc7ce0000, 0x0000021bc7ce7800, 0x0000021bc90d0000
}

Java Threads: ( => current thread )
  0x0000021baa7f0000 JavaThread "main" [_thread_blocked, id=11416, stack(0x0000002d7ce00000,0x0000002d7cf00000)]
  0x0000021bc4c9a000 JavaThread "Reference Handler" daemon [_thread_blocked, id=3904, stack(0x0000002d7d500000,0x0000002d7d600000)]
  0x0000021bc4c9d000 JavaThread "Finalizer" daemon [_thread_blocked, id=2548, stack(0x0000002d7d600000,0x0000002d7d700000)]
  0x0000021bc54e5800 JavaThread "Signal Dispatcher" daemon [_thread_blocked, id=17832, stack(0x0000002d7d700000,0x0000002d7d800000)]
  0x0000021bc54e6800 JavaThread "Attach Listener" daemon [_thread_blocked, id=17944, stack(0x0000002d7d800000,0x0000002d7d900000)]
  0x0000021bc54e7800 JavaThread "Service Thread" daemon [_thread_blocked, id=3864, stack(0x0000002d7d900000,0x0000002d7da00000)]
  0x0000021bc54e8800 JavaThread "C2 CompilerThread0" daemon [_thread_blocked, id=7592, stack(0x0000002d7da00000,0x0000002d7db00000)]
  0x0000021bc54ec000 JavaThread "C1 CompilerThread0" daemon [_thread_blocked, id=4020, stack(0x0000002d7db00000,0x0000002d7dc00000)]
  0x0000021bc54f2800 JavaThread "Sweeper thread" daemon [_thread_blocked, id=13776, stack(0x0000002d7dc00000,0x0000002d7dd00000)]
  0x0000021bc565c800 JavaThread "Common-Cleaner" daemon [_thread_blocked, id=14272, stack(0x0000002d7dd00000,0x0000002d7de00000)]
  0x0000021bc73eb800 JavaThread "Daemon health stats" [_thread_blocked, id=6632, stack(0x0000002d7e300000,0x0000002d7e400000)]
  0x0000021bc7786000 JavaThread "Incoming local TCP Connector on port 62040" [_thread_in_native, id=1832, stack(0x0000002d7df00000,0x0000002d7e000000)]
  0x0000021bc865c800 JavaThread "Daemon periodic checks" [_thread_blocked, id=18052, stack(0x0000002d7e200000,0x0000002d7e300000)]
  0x0000021bc7082000 JavaThread "Daemon" [_thread_blocked, id=11940, stack(0x0000002d7e400000,0x0000002d7e500000)]
  0x0000021bc7ab8000 JavaThread "Handler for socket connection from /127.0.0.1:62040 to /127.0.0.1:62041" [_thread_in_native, id=5724, stack(0x0000002d7e500000,0x0000002d7e600000)]
  0x0000021bc77bf800 JavaThread "Cancel handler" [_thread_blocked, id=6792, stack(0x0000002d7e600000,0x0000002d7e700000)]
  0x0000021bc77c0800 JavaThread "Daemon worker" [_thread_in_Java, id=2448, stack(0x0000002d7e700000,0x0000002d7e800000)]
  0x0000021bc6dcc800 JavaThread "Asynchronous log dispatcher for DefaultDaemonConnection: socket connection from /127.0.0.1:62040 to /127.0.0.1:62041" [_thread_blocked, id=1156, stack(0x0000002d7e800000,0x0000002d7e900000)]
  0x0000021bc6fe6000 JavaThread "Stdin handler" [_thread_blocked, id=12364, stack(0x0000002d7e900000,0x0000002d7ea00000)]
  0x0000021bc7b34000 JavaThread "Daemon client event forwarder" [_thread_blocked, id=19176, stack(0x0000002d7ea00000,0x0000002d7eb00000)]
  0x0000021bc7104000 JavaThread "Cache worker for journal cache (C:\Users\Admin\.gradle\caches\journal-1)" [_thread_blocked, id=11704, stack(0x0000002d7eb00000,0x0000002d7ec00000)]
  0x0000021bc7107000 JavaThread "File lock request listener" [_thread_in_native, id=13476, stack(0x0000002d7ec00000,0x0000002d7ed00000)]
  0x0000021bc7103000 JavaThread "Cache worker for file hash cache (C:\Users\Admin\.gradle\caches\7.4\fileHashes)" [_thread_blocked, id=17728, stack(0x0000002d7f300000,0x0000002d7f400000)]
  0x0000021bc7104800 JavaThread "File watcher server" daemon [_thread_in_native, id=8740, stack(0x0000002d7f600000,0x0000002d7f700000)]
  0x0000021bc7105800 JavaThread "File watcher consumer" daemon [_thread_blocked, id=7352, stack(0x0000002d7f700000,0x0000002d7f800000)]
  0x0000021bc7102800 JavaThread "jar transforms" [_thread_blocked, id=13152, stack(0x0000002d7f500000,0x0000002d7f600000)]
  0x0000021bc7109000 JavaThread "jar transforms Thread 2" [_thread_blocked, id=14704, stack(0x0000002d7f800000,0x0000002d7f900000)]
  0x0000021bc7108000 JavaThread "jar transforms Thread 3" [_thread_blocked, id=15180, stack(0x0000002d7f900000,0x0000002d7fa00000)]
  0x0000021bc7106800 JavaThread "jar transforms Thread 4" [_thread_blocked, id=14120, stack(0x0000002d7fa00000,0x0000002d7fb00000)]
  0x0000021bc8c44800 JavaThread "jar transforms Thread 5" [_thread_blocked, id=15564, stack(0x0000002d7fb00000,0x0000002d7fc00000)]
  0x0000021bc8c49800 JavaThread "jar transforms Thread 6" [_thread_blocked, id=15844, stack(0x0000002d7fc00000,0x0000002d7fd00000)]
  0x0000021bc8c47000 JavaThread "jar transforms Thread 7" [_thread_blocked, id=19208, stack(0x0000002d7fd00000,0x0000002d7fe00000)]
  0x0000021bc8c46000 JavaThread "jar transforms Thread 8" [_thread_blocked, id=7740, stack(0x0000002d7fe00000,0x0000002d7ff00000)]
  0x0000021bc8c45800 JavaThread "Cache worker for checksums cache (C:\Users\Admin\Desktop\simple_calculater\.gradle\7.4\checksums)" [_thread_blocked, id=20100, stack(0x0000002d7ff00000,0x0000002d80000000)]
  0x0000021bc8c48000 JavaThread "Cache worker for cache directory md-rule (C:\Users\Admin\.gradle\caches\7.4\md-rule)" [_thread_blocked, id=2480, stack(0x0000002d00000000,0x0000002d00100000)]
  0x0000021bc8c48800 JavaThread "Cache worker for file hash cache (C:\Users\Admin\Desktop\simple_calculater\.gradle\7.4\fileHashes)" [_thread_blocked, id=8200, stack(0x0000002d00100000,0x0000002d00200000)]
  0x0000021bc8c43800 JavaThread "Cache worker for cache directory md-supplier (C:\Users\Admin\.gradle\caches\7.4\md-supplier)" [_thread_blocked, id=15044, stack(0x0000002d00200000,0x0000002d00300000)]
  0x0000021bc8c4e800 JavaThread "Cache worker for execution history cache (C:\Users\Admin\.gradle\caches\7.4\executionHistory)" [_thread_blocked, id=15228, stack(0x0000002d00300000,0x0000002d00400000)]
  0x0000021bc8c4d800 JavaThread "Cache worker for file content cache (C:\Users\Admin\.gradle\caches\7.4\fileContent)" [_thread_blocked, id=16504, stack(0x0000002d00600000,0x0000002d00700000)]
  0x0000021bc8c50800 JavaThread "Cache worker for dependencies-accessors (C:\Users\Admin\Desktop\simple_calculater\.gradle\7.4\dependencies-accessors)" [_thread_blocked, id=15480, stack(0x0000002d00700000,0x0000002d00800000)]
  0x0000021bc8c51800 JavaThread "Cache worker for Build Output Cleanup Cache (C:\Users\Admin\Desktop\simple_calculater\.gradle\buildOutputCleanup)" [_thread_blocked, id=16492, stack(0x0000002d00800000,0x0000002d00900000)]
=>0x0000021bcd282800 JavaThread "C2 CompilerThread1" daemon [_thread_in_native, id=492, stack(0x0000002d00400000,0x0000002d00500000)]
  0x0000021bc8c4c000 JavaThread "Unconstrained build operations" [_thread_blocked, id=7804, stack(0x0000002d00500000,0x0000002d00600000)]
  0x0000021bc8c52800 JavaThread "Unconstrained build operations Thread 2" [_thread_blocked, id=5164, stack(0x0000002d00900000,0x0000002d00a00000)]
  0x0000021bcb363000 JavaThread "Unconstrained build operations Thread 3" [_thread_blocked, id=11160, stack(0x0000002d00a00000,0x0000002d00b00000)]
  0x0000021bcb35f000 JavaThread "Unconstrained build operations Thread 4" [_thread_blocked, id=7484, stack(0x0000002d00b00000,0x0000002d00c00000)]
  0x0000021bcb360000 JavaThread "Unconstrained build operations Thread 5" [_thread_blocked, id=14660, stack(0x0000002d00c00000,0x0000002d00d00000)]
  0x0000021bcb35e000 JavaThread "Unconstrained build operations Thread 6" [_thread_blocked, id=8060, stack(0x0000002d00d00000,0x0000002d00e00000)]
  0x0000021bcb360800 JavaThread "Unconstrained build operations Thread 7" [_thread_blocked, id=3916, stack(0x0000002d00e00000,0x0000002d00f00000)]
  0x0000021bcb35d800 JavaThread "Unconstrained build operations Thread 8" [_thread_blocked, id=3024, stack(0x0000002d00f00000,0x0000002d01000000)]
  0x0000021bcb361800 JavaThread "Unconstrained build operations Thread 9" [_thread_blocked, id=18848, stack(0x0000002d01000000,0x0000002d01100000)]
  0x0000021bcb364000 JavaThread "Unconstrained build operations Thread 10" [_thread_blocked, id=8332, stack(0x0000002d01100000,0x0000002d01200000)]
  0x0000021bcb365000 JavaThread "Unconstrained build operations Thread 11" [_thread_blocked, id=12920, stack(0x0000002d01200000,0x0000002d01300000)]
  0x0000021bcb368000 JavaThread "Unconstrained build operations Thread 12" [_thread_blocked, id=5844, stack(0x0000002d01300000,0x0000002d01400000)]
  0x0000021bcb367000 JavaThread "Unconstrained build operations Thread 13" [_thread_blocked, id=18476, stack(0x0000002d01400000,0x0000002d01500000)]
  0x0000021bcb365800 JavaThread "Unconstrained build operations Thread 14" [_thread_blocked, id=15484, stack(0x0000002d01500000,0x0000002d01600000)]
  0x0000021bcb366800 JavaThread "Unconstrained build operations Thread 15" [_thread_blocked, id=13624, stack(0x0000002d01600000,0x0000002d01700000)]
  0x0000021bcb362800 JavaThread "Unconstrained build operations Thread 16" [_thread_blocked, id=4492, stack(0x0000002d01700000,0x0000002d01800000)]
  0x0000021bcb369800 JavaThread "Unconstrained build operations Thread 17" [_thread_blocked, id=14812, stack(0x0000002d01800000,0x0000002d01900000)]
  0x0000021bcb369000 JavaThread "Unconstrained build operations Thread 18" [_thread_blocked, id=13596, stack(0x0000002d01900000,0x0000002d01a00000)]
  0x0000021bcb36a800 JavaThread "Unconstrained build operations Thread 19" [_thread_blocked, id=14504, stack(0x0000002d01a00000,0x0000002d01b00000)]
  0x0000021bcb36b800 JavaThread "Unconstrained build operations Thread 20" [_thread_blocked, id=17924, stack(0x0000002d01b00000,0x0000002d01c00000)]
  0x0000021bcb36c000 JavaThread "Unconstrained build operations Thread 21" [_thread_blocked, id=5216, stack(0x0000002d01c00000,0x0000002d01d00000)]
  0x0000021bc5add800 JavaThread "Unconstrained build operations Thread 22" [_thread_blocked, id=10272, stack(0x0000002d01d00000,0x0000002d01e00000)]
  0x0000021bc5adf800 JavaThread "Unconstrained build operations Thread 23" [_thread_blocked, id=12504, stack(0x0000002d01e00000,0x0000002d01f00000)]
  0x0000021bc5ae0000 JavaThread "Unconstrained build operations Thread 24" [_thread_blocked, id=9448, stack(0x0000002d01f00000,0x0000002d02000000)]
  0x0000021bc5add000 JavaThread "Unconstrained build operations Thread 25" [_thread_blocked, id=2536, stack(0x0000002d02000000,0x0000002d02100000)]
  0x0000021bc5adc000 JavaThread "Unconstrained build operations Thread 26" [_thread_blocked, id=10820, stack(0x0000002d02100000,0x0000002d02200000)]
  0x0000021bc5ade800 JavaThread "Unconstrained build operations Thread 27" [_thread_blocked, id=19896, stack(0x0000002d02200000,0x0000002d02300000)]
  0x0000021bc5ada800 JavaThread "Unconstrained build operations Thread 28" [_thread_blocked, id=19472, stack(0x0000002d02300000,0x0000002d02400000)]
  0x0000021bc5ae1000 JavaThread "Unconstrained build operations Thread 29" [_thread_blocked, id=20040, stack(0x0000002d02400000,0x0000002d02500000)]
  0x0000021bc5adb000 JavaThread "Unconstrained build operations Thread 30" [_thread_blocked, id=11952, stack(0x0000002d02500000,0x0000002d02600000)]
  0x0000021bc5ae6800 JavaThread "Unconstrained build operations Thread 31" [_thread_blocked, id=3992, stack(0x0000002d02600000,0x0000002d02700000)]
  0x0000021bc5ae6000 JavaThread "Unconstrained build operations Thread 32" [_thread_blocked, id=2384, stack(0x0000002d02700000,0x0000002d02800000)]
  0x0000021bc5ae7800 JavaThread "Unconstrained build operations Thread 33" [_thread_blocked, id=14252, stack(0x0000002d02800000,0x0000002d02900000)]
  0x0000021bc5ae3800 JavaThread "Unconstrained build operations Thread 34" [_thread_blocked, id=16100, stack(0x0000002d02900000,0x0000002d02a00000)]
  0x0000021bc5ae1800 JavaThread "Unconstrained build operations Thread 35" [_thread_blocked, id=11008, stack(0x0000002d02a00000,0x0000002d02b00000)]
  0x0000021bc5ae8800 JavaThread "Unconstrained build operations Thread 36" [_thread_blocked, id=13704, stack(0x0000002d02b00000,0x0000002d02c00000)]
  0x0000021bc5ae4000 JavaThread "Unconstrained build operations Thread 37" [_thread_blocked, id=12472, stack(0x0000002d02c00000,0x0000002d02d00000)]
  0x0000021bc5ae5000 JavaThread "Unconstrained build operations Thread 38" [_thread_blocked, id=18904, stack(0x0000002d02d00000,0x0000002d02e00000)]
  0x0000021bc5ae2800 JavaThread "Unconstrained build operations Thread 39" [_thread_blocked, id=16332, stack(0x0000002d02e00000,0x0000002d02f00000)]
  0x0000021bc5ae9000 JavaThread "Unconstrained build operations Thread 40" [_thread_blocked, id=3800, stack(0x0000002d02f00000,0x0000002d03000000)]
  0x0000021bc82b8800 JavaThread "Unconstrained build operations Thread 41" [_thread_blocked, id=17784, stack(0x0000002d03000000,0x0000002d03100000)]
  0x0000021bc82b7000 JavaThread "Unconstrained build operations Thread 42" [_thread_blocked, id=12116, stack(0x0000002d03100000,0x0000002d03200000)]
  0x0000021bc82bc000 JavaThread "Unconstrained build operations Thread 43" [_thread_blocked, id=15276, stack(0x0000002d03200000,0x0000002d03300000)]
  0x0000021bc82b6000 JavaThread "Unconstrained build operations Thread 44" [_thread_blocked, id=19596, stack(0x0000002d03300000,0x0000002d03400000)]
  0x0000021bc82b8000 JavaThread "Unconstrained build operations Thread 45" [_thread_blocked, id=11708, stack(0x0000002d03400000,0x0000002d03500000)]
  0x0000021bc82bb000 JavaThread "Unconstrained build operations Thread 46" [_thread_blocked, id=9140, stack(0x0000002d03500000,0x0000002d03600000)]
  0x0000021bc82bc800 JavaThread "Unconstrained build operations Thread 47" [_thread_blocked, id=660, stack(0x0000002d03600000,0x0000002d03700000)]
  0x0000021bc82bd800 JavaThread "Unconstrained build operations Thread 48" [_thread_blocked, id=3316, stack(0x0000002d03700000,0x0000002d03800000)]
  0x0000021bc82be800 JavaThread "Unconstrained build operations Thread 49" [_thread_blocked, id=3588, stack(0x0000002d03800000,0x0000002d03900000)]
  0x0000021bc82bf000 JavaThread "Unconstrained build operations Thread 50" [_thread_blocked, id=14060, stack(0x0000002d03900000,0x0000002d03a00000)]
  0x0000021bc82b9800 JavaThread "Unconstrained build operations Thread 51" [_thread_blocked, id=11364, stack(0x0000002d03a00000,0x0000002d03b00000)]
  0x0000021bc82c0000 JavaThread "Unconstrained build operations Thread 52" [_thread_blocked, id=11944, stack(0x0000002d03b00000,0x0000002d03c00000)]
  0x0000021bc82ba800 JavaThread "Unconstrained build operations Thread 53" [_thread_blocked, id=18136, stack(0x0000002d03c00000,0x0000002d03d00000)]
  0x0000021bc82c4000 JavaThread "Unconstrained build operations Thread 54" [_thread_blocked, id=5360, stack(0x0000002d03d00000,0x0000002d03e00000)]
  0x0000021bc82c1000 JavaThread "Unconstrained build operations Thread 55" [_thread_blocked, id=15856, stack(0x0000002d03e00000,0x0000002d03f00000)]
  0x0000021bc82c5000 JavaThread "Unconstrained build operations Thread 56" [_thread_blocked, id=19364, stack(0x0000002d03f00000,0x0000002d04000000)]
  0x0000021bc82c2800 JavaThread "Unconstrained build operations Thread 57" [_thread_blocked, id=8048, stack(0x0000002d04000000,0x0000002d04100000)]
  0x0000021bc82c3800 JavaThread "Unconstrained build operations Thread 58" [_thread_blocked, id=4232, stack(0x0000002d04100000,0x0000002d04200000)]
  0x0000021bc82c1800 JavaThread "Unconstrained build operations Thread 59" [_thread_blocked, id=17388, stack(0x0000002d04200000,0x0000002d04300000)]
  0x0000021bc6a03800 JavaThread "Unconstrained build operations Thread 60" [_thread_blocked, id=15204, stack(0x0000002d04300000,0x0000002d04400000)]
  0x0000021bc6a06000 JavaThread "Unconstrained build operations Thread 61" [_thread_blocked, id=20812, stack(0x0000002d04400000,0x0000002d04500000)]
  0x0000021bc6a0a000 JavaThread "Unconstrained build operations Thread 62" [_thread_blocked, id=20704, stack(0x0000002d04500000,0x0000002d04600000)]
  0x0000021bc6a08800 JavaThread "Unconstrained build operations Thread 63" [_thread_blocked, id=12260, stack(0x0000002d04600000,0x0000002d04700000)]
  0x0000021bc6a07000 JavaThread "Unconstrained build operations Thread 64" [_thread_blocked, id=20636, stack(0x0000002d04700000,0x0000002d04800000)]
  0x0000021bc6a07800 JavaThread "Unconstrained build operations Thread 65" [_thread_blocked, id=4388, stack(0x0000002d04800000,0x0000002d04900000)]
  0x0000021bc6a09800 JavaThread "Unconstrained build operations Thread 66" [_thread_blocked, id=2284, stack(0x0000002d04900000,0x0000002d04a00000)]
  0x0000021bc6a04800 JavaThread "Unconstrained build operations Thread 67" [_thread_blocked, id=20500, stack(0x0000002d04a00000,0x0000002d04b00000)]
  0x0000021bc6a0b000 JavaThread "Unconstrained build operations Thread 68" [_thread_blocked, id=15328, stack(0x0000002d04b00000,0x0000002d04c00000)]
  0x0000021bc6a05800 JavaThread "Unconstrained build operations Thread 69" [_thread_blocked, id=18376, stack(0x0000002d04c00000,0x0000002d04d00000)]
  0x0000021bc6a0c000 JavaThread "Unconstrained build operations Thread 70" [_thread_blocked, id=10424, stack(0x0000002d04d00000,0x0000002d04e00000)]
  0x0000021bc6a0d800 JavaThread "Unconstrained build operations Thread 71" [_thread_blocked, id=10132, stack(0x0000002d04e00000,0x0000002d04f00000)]
  0x0000021bc6a11800 JavaThread "Unconstrained build operations Thread 72" [_thread_blocked, id=19628, stack(0x0000002d04f00000,0x0000002d05000000)]
  0x0000021bc6a10000 JavaThread "Unconstrained build operations Thread 73" [_thread_blocked, id=19196, stack(0x0000002d05000000,0x0000002d05100000)]
  0x0000021bc6a12800 JavaThread "Unconstrained build operations Thread 74" [_thread_blocked, id=836, stack(0x0000002d05100000,0x0000002d05200000)]
  0x0000021bc6a0c800 JavaThread "Unconstrained build operations Thread 75" [_thread_blocked, id=13480, stack(0x0000002d05200000,0x0000002d05300000)]
  0x0000021bc6a0e000 JavaThread "Unconstrained build operations Thread 76" [_thread_blocked, id=10396, stack(0x0000002d05300000,0x0000002d05400000)]
  0x0000021bc6a0f000 JavaThread "Unconstrained build operations Thread 77" [_thread_blocked, id=13792, stack(0x0000002d05400000,0x0000002d05500000)]
  0x0000021bc6a10800 JavaThread "Unconstrained build operations Thread 78" [_thread_blocked, id=14396, stack(0x0000002d05500000,0x0000002d05600000)]
  0x0000021bc7ce4800 JavaThread "Unconstrained build operations Thread 79" [_thread_blocked, id=14100, stack(0x0000002d05600000,0x0000002d05700000)]
  0x0000021bc7ce1000 JavaThread "Unconstrained build operations Thread 80" [_thread_blocked, id=14592, stack(0x0000002d05700000,0x0000002d05800000)]
  0x0000021bc7ce2000 JavaThread "Memory manager" [_thread_blocked, id=4412, stack(0x0000002d05900000,0x0000002d05a00000)]
  0x0000021bc7ce2800 JavaThread "pool-3-thread-1" [_thread_blocked, id=19572, stack(0x0000002d05a00000,0x0000002d05b00000)]
  0x0000021bc7ce0000 JavaThread "included builds" [_thread_blocked, id=19040, stack(0x0000002d05b00000,0x0000002d05c00000)]
  0x0000021bc7ce7800 JavaThread "Cache worker for execution history cache (C:\Users\Admin\Desktop\simple_calculater\.gradle\7.4\executionHistory)" [_thread_blocked, id=17680, stack(0x0000002d06300000,0x0000002d06400000)]
  0x0000021bc90d0000 JavaThread "C2 CompilerThread2" daemon [_thread_blocked, id=3544, stack(0x0000002d05800000,0x0000002d05900000)]

Other Threads:
  0x0000021bc4c83800 VMThread "VM Thread" [stack: 0x0000002d7d400000,0x0000002d7d500000] [id=9444]
  0x0000021bc568f000 WatcherThread [stack: 0x0000002d7de00000,0x0000002d7df00000] [id=8176]
  0x0000021baa808800 GCTaskThread "GC Thread#0" [stack: 0x0000002d7cf00000,0x0000002d7d000000] [id=18980]
  0x0000021bc64a2800 GCTaskThread "GC Thread#1" [stack: 0x0000002d7e000000,0x0000002d7e100000] [id=3492]
  0x0000021bc64a3000 GCTaskThread "GC Thread#2" [stack: 0x0000002d7e100000,0x0000002d7e200000] [id=17712]
  0x0000021bc88d0000 GCTaskThread "GC Thread#3" [stack: 0x0000002d7ed00000,0x0000002d7ee00000] [id=10552]
  0x0000021bc88f5000 GCTaskThread "GC Thread#4" [stack: 0x0000002d7ee00000,0x0000002d7ef00000] [id=16772]
  0x0000021bc7d1b800 GCTaskThread "GC Thread#5" [stack: 0x0000002d7ef00000,0x0000002d7f000000] [id=8744]
  0x0000021bc6ddc800 GCTaskThread "GC Thread#6" [stack: 0x0000002d7f000000,0x0000002d7f100000] [id=10900]
  0x0000021bc696c800 GCTaskThread "GC Thread#7" [stack: 0x0000002d7f100000,0x0000002d7f200000] [id=9928]
  0x0000021baa83b800 ConcurrentGCThread "G1 Main Marker" [stack: 0x0000002d7d000000,0x0000002d7d100000] [id=11384]
  0x0000021baa83c800 ConcurrentGCThread "G1 Conc#0" [stack: 0x0000002d7d100000,0x0000002d7d200000] [id=6100]
  0x0000021bc696d000 ConcurrentGCThread "G1 Conc#1" [stack: 0x0000002d7f200000,0x0000002d7f300000] [id=15092]
  0x0000021baa8ae000 ConcurrentGCThread "G1 Refine#0" [stack: 0x0000002d7d200000,0x0000002d7d300000] [id=19348]
  0x0000021bc4ace800 ConcurrentGCThread "G1 Young RemSet Sampling" [stack: 0x0000002d7d300000,0x0000002d7d400000] [id=11260]

Threads with active compile tasks:
C2 CompilerThread1  22799 11422       4       org.gradle.tooling.internal.adapter.ProtocolToModelAdapter$InvocationHandlerImpl::invoke (176 bytes)

VM state:not at safepoint (normal execution)

VM Mutex/Monitor currently owned by a thread: None

Heap address: 0x0000000080000000, size: 2048 MB, Compressed Oops mode: 32-bit
Narrow klass base: 0x0000000000000000, Narrow klass shift: 3
Compressed class space size: 1073741824 Address: 0x0000000100000000

Heap:
 garbage-first heap   total 273408K, used 169662K [0x0000000080000000, 0x0000000100000000)
  region size 1024K, 25 young (25600K), 6 survivors (6144K)
 Metaspace       used 101824K, capacity 104280K, committed 104576K, reserved 1140736K
  class space    used 12922K, capacity 13856K, committed 13952K, reserved 1048576K
Heap Regions: E=young(eden), S=young(survivor), O=old, HS=humongous(starts), HC=humongous(continues), CS=collection set, F=free, A=archive, TAMS=top-at-mark-start (previous, next)
|   0|0x0000000080000000, 0x0000000080100000, 0x0000000080100000|100%| O|  |TAMS 0x0000000080100000, 0x0000000080000000| Updating 
|   1|0x0000000080100000, 0x0000000080200000, 0x0000000080200000|100%| O|  |TAMS 0x0000000080200000, 0x0000000080100000| Updating 
|   2|0x0000000080200000, 0x0000000080300000, 0x0000000080300000|100%| O|  |TAMS 0x0000000080300000, 0x0000000080200000| Updating 
|   3|0x0000000080300000, 0x0000000080400000, 0x0000000080400000|100%|HS|  |TAMS 0x0000000080400000, 0x0000000080300000| Complete 
|   4|0x0000000080400000, 0x0000000080500000, 0x0000000080500000|100%|HC|  |TAMS 0x0000000080500000, 0x0000000080400000| Complete 
|   5|0x0000000080500000, 0x0000000080600000, 0x0000000080600000|100%|HC|  |TAMS 0x0000000080600000, 0x0000000080500000| Complete 
|   6|0x0000000080600000, 0x0000000080700000, 0x0000000080700000|100%| O|  |TAMS 0x0000000080700000, 0x0000000080600000| Updating 
|   7|0x0000000080700000, 0x0000000080800000, 0x0000000080800000|100%| O|  |TAMS 0x0000000080800000, 0x0000000080700000| Updating 
|   8|0x0000000080800000, 0x0000000080900000, 0x0000000080900000|100%| O|  |TAMS 0x0000000080900000, 0x0000000080800000| Updating 
|   9|0x0000000080900000, 0x0000000080a00000, 0x0000000080a00000|100%| O|  |TAMS 0x0000000080a00000, 0x0000000080900000| Updating 
|  10|0x0000000080a00000, 0x0000000080b00000, 0x0000000080b00000|100%| O|  |TAMS 0x0000000080b00000, 0x0000000080a00000| Updating 
|  11|0x0000000080b00000, 0x0000000080c00000, 0x0000000080c00000|100%| O|  |TAMS 0x0000000080c00000, 0x0000000080b00000| Updating 
|  12|0x0000000080c00000, 0x0000000080d00000, 0x0000000080d00000|100%| O|  |TAMS 0x0000000080d00000, 0x0000000080c00000| Updating 
|  13|0x0000000080d00000, 0x0000000080e00000, 0x0000000080e00000|100%| O|  |TAMS 0x0000000080e00000, 0x0000000080d00000| Updating 
|  14|0x0000000080e00000, 0x0000000080f00000, 0x0000000080f00000|100%|HS|  |TAMS 0x0000000080f00000, 0x0000000080e00000| Complete 
|  15|0x0000000080f00000, 0x0000000081000000, 0x0000000081000000|100%|HC|  |TAMS 0x0000000081000000, 0x0000000080f00000| Complete 
|  16|0x0000000081000000, 0x0000000081100000, 0x0000000081100000|100%|HS|  |TAMS 0x0000000081100000, 0x0000000081000000| Complete 
|  17|0x0000000081100000, 0x0000000081200000, 0x0000000081200000|100%|HC|  |TAMS 0x0000000081200000, 0x0000000081100000| Complete 
|  18|0x0000000081200000, 0x0000000081300000, 0x0000000081300000|100%|HC|  |TAMS 0x0000000081300000, 0x0000000081200000| Complete 
|  19|0x0000000081300000, 0x0000000081400000, 0x0000000081400000|100%|HS|  |TAMS 0x0000000081400000, 0x0000000081300000| Complete 
|  20|0x0000000081400000, 0x0000000081500000, 0x0000000081500000|100%|HC|  |TAMS 0x0000000081500000, 0x0000000081400000| Complete 
|  21|0x0000000081500000, 0x0000000081600000, 0x0000000081600000|100%|HC|  |TAMS 0x0000000081600000, 0x0000000081500000| Complete 
|  22|0x0000000081600000, 0x0000000081700000, 0x0000000081700000|100%|HS|  |TAMS 0x0000000081700000, 0x0000000081600000| Complete 
|  23|0x0000000081700000, 0x0000000081800000, 0x0000000081800000|100%|HC|  |TAMS 0x0000000081800000, 0x0000000081700000| Complete 
|  24|0x0000000081800000, 0x0000000081900000, 0x0000000081900000|100%|HC|  |TAMS 0x0000000081900000, 0x0000000081800000| Complete 
|  25|0x0000000081900000, 0x0000000081a00000, 0x0000000081a00000|100%|HC|  |TAMS 0x0000000081a00000, 0x0000000081900000| Complete 
|  26|0x0000000081a00000, 0x0000000081b00000, 0x0000000081b00000|100%|HS|  |TAMS 0x0000000081b00000, 0x0000000081a00000| Complete 
|  27|0x0000000081b00000, 0x0000000081c00000, 0x0000000081c00000|100%|HC|  |TAMS 0x0000000081c00000, 0x0000000081b00000| Complete 
|  28|0x0000000081c00000, 0x0000000081d00000, 0x0000000081d00000|100%|HC|  |TAMS 0x0000000081d00000, 0x0000000081c00000| Complete 
|  29|0x0000000081d00000, 0x0000000081e00000, 0x0000000081e00000|100%|HC|  |TAMS 0x0000000081e00000, 0x0000000081d00000| Complete 
|  30|0x0000000081e00000, 0x0000000081f00000, 0x0000000081f00000|100%|HC|  |TAMS 0x0000000081f00000, 0x0000000081e00000| Complete 
|  31|0x0000000081f00000, 0x0000000082000000, 0x0000000082000000|100%| O|  |TAMS 0x0000000082000000, 0x0000000081f00000| Updating 
|  32|0x0000000082000000, 0x0000000082100000, 0x0000000082100000|100%| O|  |TAMS 0x0000000082100000, 0x0000000082000000| Updating 
|  33|0x0000000082100000, 0x0000000082200000, 0x0000000082200000|100%| O|  |TAMS 0x0000000082200000, 0x0000000082100000| Updating 
|  34|0x0000000082200000, 0x0000000082300000, 0x0000000082300000|100%| O|  |TAMS 0x0000000082300000, 0x0000000082200000| Updating 
|  35|0x0000000082300000, 0x0000000082400000, 0x0000000082400000|100%| O|  |TAMS 0x0000000082400000, 0x0000000082300000| Updating 
|  36|0x0000000082400000, 0x0000000082500000, 0x0000000082500000|100%| O|  |TAMS 0x0000000082500000, 0x0000000082400000| Updating 
|  37|0x0000000082500000, 0x0000000082600000, 0x0000000082600000|100%|HS|  |TAMS 0x0000000082600000, 0x0000000082500000| Complete 
|  38|0x0000000082600000, 0x0000000082700000, 0x0000000082700000|100%|HC|  |TAMS 0x0000000082700000, 0x0000000082600000| Complete 
|  39|0x0000000082700000, 0x0000000082800000, 0x0000000082800000|100%|HC|  |TAMS 0x0000000082800000, 0x0000000082700000| Complete 
|  40|0x0000000082800000, 0x0000000082900000, 0x0000000082900000|100%| O|  |TAMS 0x0000000082900000, 0x0000000082800000| Updating 
|  41|0x0000000082900000, 0x0000000082a00000, 0x0000000082a00000|100%| O|  |TAMS 0x0000000082a00000, 0x0000000082900000| Updating 
|  42|0x0000000082a00000, 0x0000000082b00000, 0x0000000082b00000|100%| O|  |TAMS 0x0000000082b00000, 0x0000000082a00000| Updating 
|  43|0x0000000082b00000, 0x0000000082c00000, 0x0000000082c00000|100%| O|  |TAMS 0x0000000082c00000, 0x0000000082b00000| Updating 
|  44|0x0000000082c00000, 0x0000000082d00000, 0x0000000082d00000|100%| O|  |TAMS 0x0000000082d00000, 0x0000000082c00000| Updating 
|  45|0x0000000082d00000, 0x0000000082e00000, 0x0000000082e00000|100%|HS|  |TAMS 0x0000000082e00000, 0x0000000082d00000| Complete 
|  46|0x0000000082e00000, 0x0000000082f00000, 0x0000000082f00000|100%|HC|  |TAMS 0x0000000082f00000, 0x0000000082e00000| Complete 
|  47|0x0000000082f00000, 0x0000000083000000, 0x0000000083000000|100%|HC|  |TAMS 0x0000000083000000, 0x0000000082f00000| Complete 
|  48|0x0000000083000000, 0x0000000083100000, 0x0000000083100000|100%|HC|  |TAMS 0x0000000083100000, 0x0000000083000000| Complete 
|  49|0x0000000083100000, 0x0000000083200000, 0x0000000083200000|100%|HS|  |TAMS 0x0000000083200000, 0x0000000083100000| Complete 
|  50|0x0000000083200000, 0x0000000083300000, 0x0000000083300000|100%|HC|  |TAMS 0x0000000083300000, 0x0000000083200000| Complete 
|  51|0x0000000083300000, 0x0000000083400000, 0x0000000083400000|100%|HS|  |TAMS 0x0000000083400000, 0x0000000083300000| Complete 
|  52|0x0000000083400000, 0x0000000083500000, 0x0000000083500000|100%|HC|  |TAMS 0x0000000083500000, 0x0000000083400000| Complete 
|  53|0x0000000083500000, 0x0000000083600000, 0x0000000083600000|100%|HC|  |TAMS 0x0000000083600000, 0x0000000083500000| Complete 
|  54|0x0000000083600000, 0x0000000083700000, 0x0000000083700000|100%| O|  |TAMS 0x0000000083700000, 0x0000000083600000| Updating 
|  55|0x0000000083700000, 0x0000000083800000, 0x0000000083800000|100%| O|  |TAMS 0x0000000083800000, 0x0000000083700000| Updating 
|  56|0x0000000083800000, 0x0000000083900000, 0x0000000083900000|100%| O|  |TAMS 0x0000000083900000, 0x0000000083800000| Updating 
|  57|0x0000000083900000, 0x0000000083a00000, 0x0000000083a00000|100%| O|  |TAMS 0x0000000083a00000, 0x0000000083900000| Updating 
|  58|0x0000000083a00000, 0x0000000083b00000, 0x0000000083b00000|100%| O|  |TAMS 0x0000000083b00000, 0x0000000083a00000| Updating 
|  59|0x0000000083b00000, 0x0000000083c00000, 0x0000000083c00000|100%| O|  |TAMS 0x0000000083c00000, 0x0000000083b00000| Updating 
|  60|0x0000000083c00000, 0x0000000083d00000, 0x0000000083d00000|100%| O|  |TAMS 0x0000000083d00000, 0x0000000083c00000| Updating 
|  61|0x0000000083d00000, 0x0000000083e00000, 0x0000000083e00000|100%| O|  |TAMS 0x0000000083e00000, 0x0000000083d00000| Updating 
|  62|0x0000000083e00000, 0x0000000083f00000, 0x0000000083f00000|100%| O|  |TAMS 0x0000000083f00000, 0x0000000083e00000| Updating 
|  63|0x0000000083f00000, 0x0000000084000000, 0x0000000084000000|100%| O|  |TAMS 0x0000000084000000, 0x0000000083f00000| Updating 
|  64|0x0000000084000000, 0x0000000084100000, 0x0000000084100000|100%| O|  |TAMS 0x0000000084100000, 0x0000000084000000| Updating 
|  65|0x0000000084100000, 0x0000000084200000, 0x0000000084200000|100%|HS|  |TAMS 0x0000000084200000, 0x0000000084100000| Complete 
|  66|0x0000000084200000, 0x0000000084300000, 0x0000000084300000|100%|HC|  |TAMS 0x0000000084300000, 0x0000000084200000| Complete 
|  67|0x0000000084300000, 0x0000000084400000, 0x0000000084400000|100%|HC|  |TAMS 0x0000000084400000, 0x0000000084300000| Complete 
|  68|0x0000000084400000, 0x0000000084500000, 0x0000000084500000|100%|HC|  |TAMS 0x0000000084500000, 0x0000000084400000| Complete 
|  69|0x0000000084500000, 0x0000000084600000, 0x0000000084600000|100%|HC|  |TAMS 0x0000000084600000, 0x0000000084500000| Complete 
|  70|0x0000000084600000, 0x0000000084700000, 0x0000000084700000|100%| O|  |TAMS 0x0000000084700000, 0x0000000084600000| Updating 
|  71|0x0000000084700000, 0x0000000084800000, 0x0000000084800000|100%| O|  |TAMS 0x0000000084800000, 0x0000000084700000| Updating 
|  72|0x0000000084800000, 0x0000000084900000, 0x0000000084900000|100%| O|  |TAMS 0x0000000084900000, 0x0000000084800000| Updating 
|  73|0x0000000084900000, 0x0000000084a00000, 0x0000000084a00000|100%| O|  |TAMS 0x0000000084a00000, 0x0000000084900000| Updating 
|  74|0x0000000084a00000, 0x0000000084b00000, 0x0000000084b00000|100%| O|  |TAMS 0x0000000084b00000, 0x0000000084a00000| Updating 
|  75|0x0000000084b00000, 0x0000000084c00000, 0x0000000084c00000|100%|HS|  |TAMS 0x0000000084c00000, 0x0000000084b00000| Complete 
|  76|0x0000000084c00000, 0x0000000084d00000, 0x0000000084d00000|100%|HS|  |TAMS 0x0000000084d00000, 0x0000000084c00000| Complete 
|  77|0x0000000084d00000, 0x0000000084e00000, 0x0000000084e00000|100%| O|  |TAMS 0x0000000084e00000, 0x0000000084d00000| Updating 
|  78|0x0000000084e00000, 0x0000000084f00000, 0x0000000084f00000|100%| O|  |TAMS 0x0000000084f00000, 0x0000000084e00000| Updating 
|  79|0x0000000084f00000, 0x0000000085000000, 0x0000000085000000|100%| O|  |TAMS 0x0000000085000000, 0x0000000084f00000| Updating 
|  80|0x0000000085000000, 0x0000000085100000, 0x0000000085100000|100%| O|  |TAMS 0x0000000085100000, 0x0000000085000000| Updating 
|  81|0x0000000085100000, 0x0000000085200000, 0x0000000085200000|100%| O|  |TAMS 0x0000000085200000, 0x0000000085100000| Updating 
|  82|0x0000000085200000, 0x0000000085300000, 0x0000000085300000|100%| O|  |TAMS 0x0000000085300000, 0x0000000085200000| Updating 
|  83|0x0000000085300000, 0x0000000085400000, 0x0000000085400000|100%| O|  |TAMS 0x0000000085400000, 0x0000000085300000| Updating 
|  84|0x0000000085400000, 0x0000000085500000, 0x0000000085500000|100%| O|  |TAMS 0x0000000085500000, 0x0000000085400000| Updating 
|  85|0x0000000085500000, 0x0000000085600000, 0x0000000085600000|100%| O|  |TAMS 0x0000000085600000, 0x0000000085500000| Updating 
|  86|0x0000000085600000, 0x0000000085700000, 0x0000000085700000|100%| O|  |TAMS 0x0000000085700000, 0x0000000085600000| Updating 
|  87|0x0000000085700000, 0x0000000085800000, 0x0000000085800000|100%|HS|  |TAMS 0x0000000085800000, 0x0000000085700000| Complete 
|  88|0x0000000085800000, 0x0000000085900000, 0x0000000085900000|100%|HC|  |TAMS 0x0000000085900000, 0x0000000085800000| Complete 
|  89|0x0000000085900000, 0x0000000085a00000, 0x0000000085a00000|100%| O|  |TAMS 0x0000000085a00000, 0x0000000085900000| Updating 
|  90|0x0000000085a00000, 0x0000000085b00000, 0x0000000085b00000|100%| O|  |TAMS 0x0000000085b00000, 0x0000000085a00000| Updating 
|  91|0x0000000085b00000, 0x0000000085c00000, 0x0000000085c00000|100%| O|  |TAMS 0x0000000085c00000, 0x0000000085b00000| Updating 
|  92|0x0000000085c00000, 0x0000000085d00000, 0x0000000085d00000|100%| O|  |TAMS 0x0000000085d00000, 0x0000000085c00000| Updating 
|  93|0x0000000085d00000, 0x0000000085e00000, 0x0000000085e00000|100%| O|  |TAMS 0x0000000085e00000, 0x0000000085d00000| Updating 
|  94|0x0000000085e00000, 0x0000000085f00000, 0x0000000085f00000|100%| O|  |TAMS 0x0000000085f00000, 0x0000000085e00000| Updating 
|  95|0x0000000085f00000, 0x0000000086000000, 0x0000000086000000|100%| O|  |TAMS 0x0000000086000000, 0x0000000085f00000| Updating 
|  96|0x0000000086000000, 0x0000000086100000, 0x0000000086100000|100%| O|  |TAMS 0x0000000086100000, 0x0000000086000000| Updating 
|  97|0x0000000086100000, 0x0000000086200000, 0x0000000086200000|100%| O|  |TAMS 0x0000000086200000, 0x0000000086100000| Updating 
|  98|0x0000000086200000, 0x0000000086300000, 0x0000000086300000|100%| O|  |TAMS 0x0000000086300000, 0x0000000086200000| Updating 
|  99|0x0000000086300000, 0x0000000086400000, 0x0000000086400000|100%| O|  |TAMS 0x0000000086400000, 0x0000000086300000| Updating 
| 100|0x0000000086400000, 0x0000000086500000, 0x0000000086500000|100%| O|  |TAMS 0x0000000086500000, 0x0000000086400000| Updating 
| 101|0x0000000086500000, 0x0000000086600000, 0x0000000086600000|100%|HS|  |TAMS 0x0000000086600000, 0x0000000086500000| Complete 
| 102|0x0000000086600000, 0x0000000086700000, 0x0000000086700000|100%|HS|  |TAMS 0x0000000086700000, 0x0000000086600000| Complete 
| 103|0x0000000086700000, 0x0000000086800000, 0x0000000086800000|100%|HC|  |TAMS 0x0000000086800000, 0x0000000086700000| Complete 
| 104|0x0000000086800000, 0x0000000086900000, 0x0000000086900000|100%|HS|  |TAMS 0x0000000086900000, 0x0000000086800000| Complete 
| 105|0x0000000086900000, 0x0000000086a00000, 0x0000000086a00000|100%|HC|  |TAMS 0x0000000086a00000, 0x0000000086900000| Complete 
| 106|0x0000000086a00000, 0x0000000086b00000, 0x0000000086b00000|100%|HC|  |TAMS 0x0000000086b00000, 0x0000000086a00000| Complete 
| 107|0x0000000086b00000, 0x0000000086c00000, 0x0000000086c00000|100%|HS|  |TAMS 0x0000000086c00000, 0x0000000086b00000| Complete 
| 108|0x0000000086c00000, 0x0000000086d00000, 0x0000000086d00000|100%|HC|  |TAMS 0x0000000086d00000, 0x0000000086c00000| Complete 
| 109|0x0000000086d00000, 0x0000000086e00000, 0x0000000086e00000|100%|HC|  |TAMS 0x0000000086e00000, 0x0000000086d00000| Complete 
| 110|0x0000000086e00000, 0x0000000086f00000, 0x0000000086f00000|100%|HS|  |TAMS 0x0000000086f00000, 0x0000000086e00000| Complete 
| 111|0x0000000086f00000, 0x0000000087000000, 0x0000000087000000|100%|HC|  |TAMS 0x0000000087000000, 0x0000000086f00000| Complete 
| 112|0x0000000087000000, 0x0000000087100000, 0x0000000087100000|100%|HC|  |TAMS 0x0000000087100000, 0x0000000087000000| Complete 
| 113|0x0000000087100000, 0x0000000087200000, 0x0000000087200000|100%|HC|  |TAMS 0x0000000087200000, 0x0000000087100000| Complete 
| 114|0x0000000087200000, 0x0000000087300000, 0x0000000087300000|100%|HS|  |TAMS 0x0000000087300000, 0x0000000087200000| Complete 
| 115|0x0000000087300000, 0x0000000087400000, 0x0000000087400000|100%|HC|  |TAMS 0x0000000087400000, 0x0000000087300000| Complete 
| 116|0x0000000087400000, 0x0000000087500000, 0x0000000087500000|100%|HC|  |TAMS 0x0000000087500000, 0x0000000087400000| Complete 
| 117|0x0000000087500000, 0x0000000087600000, 0x0000000087600000|100%|HC|  |TAMS 0x0000000087600000, 0x0000000087500000| Complete 
| 118|0x0000000087600000, 0x0000000087700000, 0x0000000087700000|100%|HC|  |TAMS 0x0000000087700000, 0x0000000087600000| Complete 
| 119|0x0000000087700000, 0x0000000087800000, 0x0000000087800000|100%|HS|  |TAMS 0x0000000087800000, 0x0000000087700000| Complete 
| 120|0x0000000087800000, 0x0000000087900000, 0x0000000087900000|100%| O|  |TAMS 0x0000000087900000, 0x0000000087800000| Updating 
| 121|0x0000000087900000, 0x0000000087a00000, 0x0000000087a00000|100%| O|  |TAMS 0x0000000087a00000, 0x0000000087900000| Updating 
| 122|0x0000000087a00000, 0x0000000087b00000, 0x0000000087b00000|100%| O|  |TAMS 0x0000000087b00000, 0x0000000087a00000| Updating 
| 123|0x0000000087b00000, 0x0000000087c00000, 0x0000000087c00000|100%| O|  |TAMS 0x0000000087c00000, 0x0000000087b00000| Updating 
| 124|0x0000000087c00000, 0x0000000087d00000, 0x0000000087d00000|100%| O|  |TAMS 0x0000000087d00000, 0x0000000087c00000| Updating 
| 125|0x0000000087d00000, 0x0000000087e00000, 0x0000000087e00000|100%| O|  |TAMS 0x0000000087e00000, 0x0000000087d00000| Updating 
| 126|0x0000000087e00000, 0x0000000087f00000, 0x0000000087f00000|100%| O|  |TAMS 0x0000000087f00000, 0x0000000087e00000| Updating 
| 127|0x0000000087f00000, 0x0000000088000000, 0x0000000088000000|100%| O|  |TAMS 0x0000000088000000, 0x0000000087f00000| Updating 
| 128|0x0000000088000000, 0x0000000088100000, 0x0000000088100000|100%| O|  |TAMS 0x0000000088100000, 0x0000000088000000| Updating 
| 129|0x0000000088100000, 0x0000000088200000, 0x0000000088200000|100%| O|  |TAMS 0x0000000088200000, 0x0000000088100000| Updating 
| 130|0x0000000088200000, 0x0000000088300000, 0x0000000088300000|100%| O|  |TAMS 0x0000000088300000, 0x0000000088200000| Updating 
| 131|0x0000000088300000, 0x0000000088400000, 0x0000000088400000|100%| O|  |TAMS 0x0000000088400000, 0x0000000088300000| Updating 
| 132|0x0000000088400000, 0x0000000088500000, 0x0000000088500000|100%| O|  |TAMS 0x0000000088500000, 0x0000000088400000| Updating 
| 133|0x0000000088500000, 0x0000000088600000, 0x0000000088600000|100%| O|  |TAMS 0x0000000088600000, 0x0000000088500000| Updating 
| 134|0x0000000088600000, 0x0000000088700000, 0x0000000088700000|100%| O|  |TAMS 0x0000000088700000, 0x0000000088600000| Updating 
| 135|0x0000000088700000, 0x0000000088800000, 0x0000000088800000|100%| O|  |TAMS 0x0000000088800000, 0x0000000088700000| Updating 
| 136|0x0000000088800000, 0x0000000088900000, 0x0000000088900000|100%| O|  |TAMS 0x0000000088900000, 0x0000000088800000| Updating 
| 137|0x0000000088900000, 0x0000000088a00000, 0x0000000088a00000|100%| O|  |TAMS 0x0000000088a00000, 0x0000000088900000| Updating 
| 138|0x0000000088a00000, 0x0000000088b00000, 0x0000000088b00000|100%| O|  |TAMS 0x0000000088b00000, 0x0000000088a00000| Updating 
| 139|0x0000000088b00000, 0x0000000088c00000, 0x0000000088c00000|100%| O|  |TAMS 0x0000000088c00000, 0x0000000088b00000| Updating 
| 140|0x0000000088c00000, 0x0000000088d00000, 0x0000000088d00000|100%| O|  |TAMS 0x0000000088d00000, 0x0000000088c00000| Updating 
| 141|0x0000000088d00000, 0x0000000088e00000, 0x0000000088e00000|100%| O|  |TAMS 0x0000000088e00000, 0x0000000088d00000| Updating 
| 142|0x0000000088e00000, 0x0000000088e50000, 0x0000000088f00000| 31%| O|  |TAMS 0x0000000088e50000, 0x0000000088e00000| Updating 
| 143|0x0000000088f00000, 0x0000000088f00000, 0x0000000089000000|  0%| F|  |TAMS 0x0000000088f00000, 0x0000000088f00000| Untracked 
| 144|0x0000000089000000, 0x0000000089000000, 0x0000000089100000|  0%| F|  |TAMS 0x0000000089000000, 0x0000000089000000| Untracked 
| 145|0x0000000089100000, 0x0000000089100000, 0x0000000089200000|  0%| F|  |TAMS 0x0000000089100000, 0x0000000089100000| Untracked 
| 146|0x0000000089200000, 0x0000000089200000, 0x0000000089300000|  0%| F|  |TAMS 0x0000000089200000, 0x0000000089200000| Untracked 
| 147|0x0000000089300000, 0x0000000089300000, 0x0000000089400000|  0%| F|  |TAMS 0x0000000089300000, 0x0000000089300000| Untracked 
| 148|0x0000000089400000, 0x0000000089400000, 0x0000000089500000|  0%| F|  |TAMS 0x0000000089400000, 0x0000000089400000| Untracked 
| 149|0x0000000089500000, 0x0000000089500000, 0x0000000089600000|  0%| F|  |TAMS 0x0000000089500000, 0x0000000089500000| Untracked 
| 150|0x0000000089600000, 0x0000000089600000, 0x0000000089700000|  0%| F|  |TAMS 0x0000000089600000, 0x0000000089600000| Untracked 
| 151|0x0000000089700000, 0x0000000089700000, 0x0000000089800000|  0%| F|  |TAMS 0x0000000089700000, 0x0000000089700000| Untracked 
| 152|0x0000000089800000, 0x0000000089800000, 0x0000000089900000|  0%| F|  |TAMS 0x0000000089800000, 0x0000000089800000| Untracked 
| 153|0x0000000089900000, 0x0000000089900000, 0x0000000089a00000|  0%| F|  |TAMS 0x0000000089900000, 0x0000000089900000| Untracked 
| 154|0x0000000089a00000, 0x0000000089a00000, 0x0000000089b00000|  0%| F|  |TAMS 0x0000000089a00000, 0x0000000089a00000| Untracked 
| 155|0x0000000089b00000, 0x0000000089b00000, 0x0000000089c00000|  0%| F|  |TAMS 0x0000000089b00000, 0x0000000089b00000| Untracked 
| 156|0x0000000089c00000, 0x0000000089c00000, 0x0000000089d00000|  0%| F|  |TAMS 0x0000000089c00000, 0x0000000089c00000| Untracked 
| 157|0x0000000089d00000, 0x0000000089d00000, 0x0000000089e00000|  0%| F|  |TAMS 0x0000000089d00000, 0x0000000089d00000| Untracked 
| 158|0x0000000089e00000, 0x0000000089e00000, 0x0000000089f00000|  0%| F|  |TAMS 0x0000000089e00000, 0x0000000089e00000| Untracked 
| 159|0x0000000089f00000, 0x0000000089f00000, 0x000000008a000000|  0%| F|  |TAMS 0x0000000089f00000, 0x0000000089f00000| Untracked 
| 160|0x000000008a000000, 0x000000008a000000, 0x000000008a100000|  0%| F|  |TAMS 0x000000008a000000, 0x000000008a000000| Untracked 
| 161|0x000000008a100000, 0x000000008a100000, 0x000000008a200000|  0%| F|  |TAMS 0x000000008a100000, 0x000000008a100000| Untracked 
| 162|0x000000008a200000, 0x000000008a200000, 0x000000008a300000|  0%| F|  |TAMS 0x000000008a200000, 0x000000008a200000| Untracked 
| 163|0x000000008a300000, 0x000000008a300000, 0x000000008a400000|  0%| F|  |TAMS 0x000000008a300000, 0x000000008a300000| Untracked 
| 164|0x000000008a400000, 0x000000008a400000, 0x000000008a500000|  0%| F|  |TAMS 0x000000008a400000, 0x000000008a400000| Untracked 
| 165|0x000000008a500000, 0x000000008a500000, 0x000000008a600000|  0%| F|  |TAMS 0x000000008a500000, 0x000000008a500000| Untracked 
| 166|0x000000008a600000, 0x000000008a600000, 0x000000008a700000|  0%| F|  |TAMS 0x000000008a600000, 0x000000008a600000| Untracked 
| 167|0x000000008a700000, 0x000000008a700000, 0x000000008a800000|  0%| F|  |TAMS 0x000000008a700000, 0x000000008a700000| Untracked 
| 168|0x000000008a800000, 0x000000008a800000, 0x000000008a900000|  0%| F|  |TAMS 0x000000008a800000, 0x000000008a800000| Untracked 
| 169|0x000000008a900000, 0x000000008a900000, 0x000000008aa00000|  0%| F|  |TAMS 0x000000008a900000, 0x000000008a900000| Untracked 
| 170|0x000000008aa00000, 0x000000008aa00000, 0x000000008ab00000|  0%| F|  |TAMS 0x000000008aa00000, 0x000000008aa00000| Untracked 
| 171|0x000000008ab00000, 0x000000008ab00000, 0x000000008ac00000|  0%| F|  |TAMS 0x000000008ab00000, 0x000000008ab00000| Untracked 
| 172|0x000000008ac00000, 0x000000008ac00000, 0x000000008ad00000|  0%| F|  |TAMS 0x000000008ac00000, 0x000000008ac00000| Untracked 
| 173|0x000000008ad00000, 0x000000008ad00000, 0x000000008ae00000|  0%| F|  |TAMS 0x000000008ad00000, 0x000000008ad00000| Untracked 
| 174|0x000000008ae00000, 0x000000008ae5fa90, 0x000000008af00000| 37%| S|CS|TAMS 0x000000008ae00000, 0x000000008ae00000| Complete 
| 175|0x000000008af00000, 0x000000008af00000, 0x000000008b000000|  0%| F|  |TAMS 0x000000008af00000, 0x000000008af00000| Untracked 
| 176|0x000000008b000000, 0x000000008b000000, 0x000000008b100000|  0%| F|  |TAMS 0x000000008b000000, 0x000000008b000000| Untracked 
| 177|0x000000008b100000, 0x000000008b100000, 0x000000008b200000|  0%| F|  |TAMS 0x000000008b100000, 0x000000008b100000| Untracked 
| 178|0x000000008b200000, 0x000000008b200000, 0x000000008b300000|  0%| F|  |TAMS 0x000000008b200000, 0x000000008b200000| Untracked 
| 179|0x000000008b300000, 0x000000008b300000, 0x000000008b400000|  0%| F|  |TAMS 0x000000008b300000, 0x000000008b300000| Untracked 
| 180|0x000000008b400000, 0x000000008b500000, 0x000000008b500000|100%| S|CS|TAMS 0x000000008b400000, 0x000000008b400000| Complete 
| 181|0x000000008b500000, 0x000000008b600000, 0x000000008b600000|100%| S|CS|TAMS 0x000000008b500000, 0x000000008b500000| Complete 
| 182|0x000000008b600000, 0x000000008b700000, 0x000000008b700000|100%| S|CS|TAMS 0x000000008b600000, 0x000000008b600000| Complete 
| 183|0x000000008b700000, 0x000000008b800000, 0x000000008b800000|100%| S|CS|TAMS 0x000000008b700000, 0x000000008b700000| Complete 
| 184|0x000000008b800000, 0x000000008b900000, 0x000000008b900000|100%| S|CS|TAMS 0x000000008b800000, 0x000000008b800000| Complete 
| 185|0x000000008b900000, 0x000000008b900000, 0x000000008ba00000|  0%| F|  |TAMS 0x000000008b900000, 0x000000008b900000| Untracked 
| 186|0x000000008ba00000, 0x000000008ba00000, 0x000000008bb00000|  0%| F|  |TAMS 0x000000008ba00000, 0x000000008ba00000| Untracked 
| 187|0x000000008bb00000, 0x000000008bb00000, 0x000000008bc00000|  0%| F|  |TAMS 0x000000008bb00000, 0x000000008bb00000| Untracked 
| 188|0x000000008bc00000, 0x000000008bc00000, 0x000000008bd00000|  0%| F|  |TAMS 0x000000008bc00000, 0x000000008bc00000| Untracked 
| 189|0x000000008bd00000, 0x000000008bd00000, 0x000000008be00000|  0%| F|  |TAMS 0x000000008bd00000, 0x000000008bd00000| Untracked 
| 190|0x000000008be00000, 0x000000008be00000, 0x000000008bf00000|  0%| F|  |TAMS 0x000000008be00000, 0x000000008be00000| Untracked 
| 191|0x000000008bf00000, 0x000000008bf00000, 0x000000008c000000|  0%| F|  |TAMS 0x000000008bf00000, 0x000000008bf00000| Untracked 
| 192|0x000000008c000000, 0x000000008c000000, 0x000000008c100000|  0%| F|  |TAMS 0x000000008c000000, 0x000000008c000000| Untracked 
| 193|0x000000008c100000, 0x000000008c100000, 0x000000008c200000|  0%| F|  |TAMS 0x000000008c100000, 0x000000008c100000| Untracked 
| 194|0x000000008c200000, 0x000000008c200000, 0x000000008c300000|  0%| F|  |TAMS 0x000000008c200000, 0x000000008c200000| Untracked 
| 195|0x000000008c300000, 0x000000008c300000, 0x000000008c400000|  0%| F|  |TAMS 0x000000008c300000, 0x000000008c300000| Untracked 
| 196|0x000000008c400000, 0x000000008c400000, 0x000000008c500000|  0%| F|  |TAMS 0x000000008c400000, 0x000000008c400000| Untracked 
| 197|0x000000008c500000, 0x000000008c500000, 0x000000008c600000|  0%| F|  |TAMS 0x000000008c500000, 0x000000008c500000| Untracked 
| 198|0x000000008c600000, 0x000000008c600000, 0x000000008c700000|  0%| F|  |TAMS 0x000000008c600000, 0x000000008c600000| Untracked 
| 199|0x000000008c700000, 0x000000008c700000, 0x000000008c800000|  0%| F|  |TAMS 0x000000008c700000, 0x000000008c700000| Untracked 
| 200|0x000000008c800000, 0x000000008c800000, 0x000000008c900000|  0%| F|  |TAMS 0x000000008c800000, 0x000000008c800000| Untracked 
| 201|0x000000008c900000, 0x000000008c900000, 0x000000008ca00000|  0%| F|  |TAMS 0x000000008c900000, 0x000000008c900000| Untracked 
| 202|0x000000008ca00000, 0x000000008ca00000, 0x000000008cb00000|  0%| F|  |TAMS 0x000000008ca00000, 0x000000008ca00000| Untracked 
| 203|0x000000008cb00000, 0x000000008cb00000, 0x000000008cc00000|  0%| F|  |TAMS 0x000000008cb00000, 0x000000008cb00000| Untracked 
| 204|0x000000008cc00000, 0x000000008cc00000, 0x000000008cd00000|  0%| F|  |TAMS 0x000000008cc00000, 0x000000008cc00000| Untracked 
| 205|0x000000008cd00000, 0x000000008cd00000, 0x000000008ce00000|  0%| F|  |TAMS 0x000000008cd00000, 0x000000008cd00000| Untracked 
| 206|0x000000008ce00000, 0x000000008ce00000, 0x000000008cf00000|  0%| F|  |TAMS 0x000000008ce00000, 0x000000008ce00000| Untracked 
| 207|0x000000008cf00000, 0x000000008cf00000, 0x000000008d000000|  0%| F|  |TAMS 0x000000008cf00000, 0x000000008cf00000| Untracked 
| 208|0x000000008d000000, 0x000000008d000000, 0x000000008d100000|  0%| F|  |TAMS 0x000000008d000000, 0x000000008d000000| Untracked 
| 209|0x000000008d100000, 0x000000008d100000, 0x000000008d200000|  0%| F|  |TAMS 0x000000008d100000, 0x000000008d100000| Untracked 
| 210|0x000000008d200000, 0x000000008d200000, 0x000000008d300000|  0%| F|  |TAMS 0x000000008d200000, 0x000000008d200000| Untracked 
| 211|0x000000008d300000, 0x000000008d300000, 0x000000008d400000|  0%| F|  |TAMS 0x000000008d300000, 0x000000008d300000| Untracked 
| 212|0x000000008d400000, 0x000000008d400000, 0x000000008d500000|  0%| F|  |TAMS 0x000000008d400000, 0x000000008d400000| Untracked 
| 213|0x000000008d500000, 0x000000008d500000, 0x000000008d600000|  0%| F|  |TAMS 0x000000008d500000, 0x000000008d500000| Untracked 
| 214|0x000000008d600000, 0x000000008d600000, 0x000000008d700000|  0%| F|  |TAMS 0x000000008d600000, 0x000000008d600000| Untracked 
| 215|0x000000008d700000, 0x000000008d700000, 0x000000008d800000|  0%| F|  |TAMS 0x000000008d700000, 0x000000008d700000| Untracked 
| 216|0x000000008d800000, 0x000000008d800000, 0x000000008d900000|  0%| F|  |TAMS 0x000000008d800000, 0x000000008d800000| Untracked 
| 217|0x000000008d900000, 0x000000008d900000, 0x000000008da00000|  0%| F|  |TAMS 0x000000008d900000, 0x000000008d900000| Untracked 
| 218|0x000000008da00000, 0x000000008da00000, 0x000000008db00000|  0%| F|  |TAMS 0x000000008da00000, 0x000000008da00000| Untracked 
| 219|0x000000008db00000, 0x000000008db00000, 0x000000008dc00000|  0%| F|  |TAMS 0x000000008db00000, 0x000000008db00000| Untracked 
| 220|0x000000008dc00000, 0x000000008dc00000, 0x000000008dd00000|  0%| F|  |TAMS 0x000000008dc00000, 0x000000008dc00000| Untracked 
| 221|0x000000008dd00000, 0x000000008dd00000, 0x000000008de00000|  0%| F|  |TAMS 0x000000008dd00000, 0x000000008dd00000| Untracked 
| 222|0x000000008de00000, 0x000000008de00000, 0x000000008df00000|  0%| F|  |TAMS 0x000000008de00000, 0x000000008de00000| Untracked 
| 223|0x000000008df00000, 0x000000008df00000, 0x000000008e000000|  0%| F|  |TAMS 0x000000008df00000, 0x000000008df00000| Untracked 
| 224|0x000000008e000000, 0x000000008e000000, 0x000000008e100000|  0%| F|  |TAMS 0x000000008e000000, 0x000000008e000000| Untracked 
| 225|0x000000008e100000, 0x000000008e100000, 0x000000008e200000|  0%| F|  |TAMS 0x000000008e100000, 0x000000008e100000| Untracked 
| 226|0x000000008e200000, 0x000000008e200000, 0x000000008e300000|  0%| F|  |TAMS 0x000000008e200000, 0x000000008e200000| Untracked 
| 227|0x000000008e300000, 0x000000008e300000, 0x000000008e400000|  0%| F|  |TAMS 0x000000008e300000, 0x000000008e300000| Untracked 
| 228|0x000000008e400000, 0x000000008e400000, 0x000000008e500000|  0%| F|  |TAMS 0x000000008e400000, 0x000000008e400000| Untracked 
| 229|0x000000008e500000, 0x000000008e500000, 0x000000008e600000|  0%| F|  |TAMS 0x000000008e500000, 0x000000008e500000| Untracked 
| 230|0x000000008e600000, 0x000000008e600000, 0x000000008e700000|  0%| F|  |TAMS 0x000000008e600000, 0x000000008e600000| Untracked 
| 231|0x000000008e700000, 0x000000008e700000, 0x000000008e800000|  0%| F|  |TAMS 0x000000008e700000, 0x000000008e700000| Untracked 
| 232|0x000000008e800000, 0x000000008e800000, 0x000000008e900000|  0%| F|  |TAMS 0x000000008e800000, 0x000000008e800000| Untracked 
| 233|0x000000008e900000, 0x000000008e900000, 0x000000008ea00000|  0%| F|  |TAMS 0x000000008e900000, 0x000000008e900000| Untracked 
| 234|0x000000008ea00000, 0x000000008ea00000, 0x000000008eb00000|  0%| F|  |TAMS 0x000000008ea00000, 0x000000008ea00000| Untracked 
| 235|0x000000008eb00000, 0x000000008eb00000, 0x000000008ec00000|  0%| F|  |TAMS 0x000000008eb00000, 0x000000008eb00000| Untracked 
| 236|0x000000008ec00000, 0x000000008ec00000, 0x000000008ed00000|  0%| F|  |TAMS 0x000000008ec00000, 0x000000008ec00000| Untracked 
| 237|0x000000008ed00000, 0x000000008ed00000, 0x000000008ee00000|  0%| F|  |TAMS 0x000000008ed00000, 0x000000008ed00000| Untracked 
| 238|0x000000008ee00000, 0x000000008ee00000, 0x000000008ef00000|  0%| F|  |TAMS 0x000000008ee00000, 0x000000008ee00000| Untracked 
| 239|0x000000008ef00000, 0x000000008ef00000, 0x000000008f000000|  0%| F|  |TAMS 0x000000008ef00000, 0x000000008ef00000| Untracked 
| 240|0x000000008f000000, 0x000000008f000000, 0x000000008f100000|  0%| F|  |TAMS 0x000000008f000000, 0x000000008f000000| Untracked 
| 241|0x000000008f100000, 0x000000008f100000, 0x000000008f200000|  0%| F|  |TAMS 0x000000008f100000, 0x000000008f100000| Untracked 
| 242|0x000000008f200000, 0x000000008f200000, 0x000000008f300000|  0%| F|  |TAMS 0x000000008f200000, 0x000000008f200000| Untracked 
| 243|0x000000008f300000, 0x000000008f300000, 0x000000008f400000|  0%| F|  |TAMS 0x000000008f300000, 0x000000008f300000| Untracked 
| 244|0x000000008f400000, 0x000000008f400000, 0x000000008f500000|  0%| F|  |TAMS 0x000000008f400000, 0x000000008f400000| Untracked 
| 245|0x000000008f500000, 0x000000008f500000, 0x000000008f600000|  0%| F|  |TAMS 0x000000008f500000, 0x000000008f500000| Untracked 
| 246|0x000000008f600000, 0x000000008f680800, 0x000000008f700000| 50%| E|  |TAMS 0x000000008f600000, 0x000000008f600000| Complete 
| 247|0x000000008f700000, 0x000000008f800000, 0x000000008f800000|100%| E|CS|TAMS 0x000000008f700000, 0x000000008f700000| Complete 
| 248|0x000000008f800000, 0x000000008f900000, 0x000000008f900000|100%| E|CS|TAMS 0x000000008f800000, 0x000000008f800000| Complete 
| 249|0x000000008f900000, 0x000000008fa00000, 0x000000008fa00000|100%| E|CS|TAMS 0x000000008f900000, 0x000000008f900000| Complete 
| 250|0x000000008fa00000, 0x000000008fb00000, 0x000000008fb00000|100%| E|CS|TAMS 0x000000008fa00000, 0x000000008fa00000| Complete 
| 251|0x000000008fb00000, 0x000000008fc00000, 0x000000008fc00000|100%| E|CS|TAMS 0x000000008fb00000, 0x000000008fb00000| Complete 
| 252|0x000000008fc00000, 0x000000008fd00000, 0x000000008fd00000|100%| E|CS|TAMS 0x000000008fc00000, 0x000000008fc00000| Complete 
| 253|0x000000008fd00000, 0x000000008fe00000, 0x000000008fe00000|100%| E|CS|TAMS 0x000000008fd00000, 0x000000008fd00000| Complete 
| 254|0x000000008fe00000, 0x000000008ff00000, 0x000000008ff00000|100%| E|CS|TAMS 0x000000008fe00000, 0x000000008fe00000| Complete 
| 255|0x000000008ff00000, 0x0000000090000000, 0x0000000090000000|100%| E|CS|TAMS 0x000000008ff00000, 0x000000008ff00000| Complete 
| 256|0x0000000090000000, 0x0000000090100000, 0x0000000090100000|100%| E|CS|TAMS 0x0000000090000000, 0x0000000090000000| Complete 
| 257|0x0000000090100000, 0x0000000090200000, 0x0000000090200000|100%| E|CS|TAMS 0x0000000090100000, 0x0000000090100000| Complete 
| 258|0x0000000090200000, 0x0000000090300000, 0x0000000090300000|100%| E|CS|TAMS 0x0000000090200000, 0x0000000090200000| Complete 
| 259|0x0000000090300000, 0x0000000090400000, 0x0000000090400000|100%| E|CS|TAMS 0x0000000090300000, 0x0000000090300000| Complete 
| 260|0x0000000090400000, 0x0000000090500000, 0x0000000090500000|100%| E|CS|TAMS 0x0000000090400000, 0x0000000090400000| Complete 
| 261|0x0000000090500000, 0x0000000090600000, 0x0000000090600000|100%| E|CS|TAMS 0x0000000090500000, 0x0000000090500000| Complete 
| 262|0x0000000090600000, 0x0000000090700000, 0x0000000090700000|100%| E|CS|TAMS 0x0000000090600000, 0x0000000090600000| Complete 
| 263|0x0000000090700000, 0x0000000090800000, 0x0000000090800000|100%| E|CS|TAMS 0x0000000090700000, 0x0000000090700000| Complete 
| 264|0x0000000090800000, 0x0000000090900000, 0x0000000090900000|100%| E|CS|TAMS 0x0000000090800000, 0x0000000090800000| Complete 
| 265|0x0000000090900000, 0x0000000090a00000, 0x0000000090a00000|100%| E|CS|TAMS 0x0000000090900000, 0x0000000090900000| Complete 
| 266|0x0000000090a00000, 0x0000000090b00000, 0x0000000090b00000|100%| E|CS|TAMS 0x0000000090a00000, 0x0000000090a00000| Complete 

Card table byte_map: [0x0000021bbda20000,0x0000021bbde20000] _byte_map_base: 0x0000021bbd620000

Marking Bits (Prev, Next): (CMBitMap*) 0x0000021baa832a28, (CMBitMap*) 0x0000021baa832a60
 Prev Bits: [0x0000021bbe220000, 0x0000021bc0220000)
 Next Bits: [0x0000021bc0220000, 0x0000021bc2220000)

Polling page: 0x0000021ba8980000

Metaspace:

Usage:
  Non-class:     88.37 MB capacity,    86.86 MB ( 98%) used,     1.23 MB (  1%) free+waste,   280.44 KB ( <1%) overhead. 
      Class:     13.53 MB capacity,    12.63 MB ( 93%) used,   800.77 KB (  6%) free+waste,   127.19 KB ( <1%) overhead. 
       Both:    101.90 MB capacity,    99.49 MB ( 98%) used,     2.01 MB (  2%) free+waste,   407.63 KB ( <1%) overhead. 

Virtual space:
  Non-class space:       90.00 MB reserved,      88.50 MB ( 98%) committed 
      Class space:        1.00 GB reserved,      13.63 MB (  1%) committed 
             Both:        1.09 GB reserved,     102.13 MB (  9%) committed 

Chunk freelists:
   Non-Class:  8.00 KB
       Class:  0 bytes
        Both:  8.00 KB

MaxMetaspaceSize: 17179869184.00 GB
CompressedClassSpaceSize: 1.00 GB
Initial GC threshold: 20.80 MB
Current GC threshold: 169.79 MB
CDS: off

CodeHeap 'non-profiled nmethods': size=120000Kb used=7312Kb max_used=7312Kb free=112688Kb
 bounds [0x0000021bb5dc0000, 0x0000021bb64f0000, 0x0000021bbd2f0000]
CodeHeap 'profiled nmethods': size=120000Kb used=25262Kb max_used=25262Kb free=94738Kb
 bounds [0x0000021bae890000, 0x0000021bb0140000, 0x0000021bb5dc0000]
CodeHeap 'non-nmethods': size=5760Kb used=2418Kb max_used=2471Kb free=3341Kb
 bounds [0x0000021bae2f0000, 0x0000021bae560000, 0x0000021bae890000]
 total_blobs=12506 nmethods=11560 adapters=858
 compilation: enabled
              stopped_count=0, restarted_count=0
 full_count=0

Compilation events (20 events):
Event: 22.682 Thread 0x0000021bc54ec000 11647       1       java.text.ParsePosition::getIndex (5 bytes)
Event: 22.682 Thread 0x0000021bc54ec000 nmethod 11647 0x0000021bb64db610 code [0x0000021bb64db7c0, 0x0000021bb64db878]
Event: 22.682 Thread 0x0000021bc54ec000 11649       1       org.gradle.api.internal.plugins.DefaultPluginManager::getPluginContainer (5 bytes)
Event: 22.682 Thread 0x0000021bc54ec000 nmethod 11649 0x0000021bb64db910 code [0x0000021bb64dbac0, 0x0000021bb64dbb78]
Event: 22.687 Thread 0x0000021bc54ec000 11655       3       org.jetbrains.plugins.gradle.tooling.serialization.ToolingStreamApiUtils::writeString (15 bytes)
Event: 22.688 Thread 0x0000021bc54ec000 nmethod 11655 0x0000021bb0136190 code [0x0000021bb0136360, 0x0000021bb01365d8]
Event: 22.688 Thread 0x0000021bc54ec000 11656       3       com.amazon.ion.impl.bin.IonManagedBinaryWriter$UserState$1::afterStepOut (1 bytes)
Event: 22.688 Thread 0x0000021bc54ec000 nmethod 11656 0x0000021bb0136710 code [0x0000021bb01368c0, 0x0000021bb01369b8]
Event: 22.688 Thread 0x0000021bc54ec000 11659       3       com.amazon.ion.impl.bin.IonRawBinaryWriter::writeString (275 bytes)
Event: 22.692 Thread 0x0000021bc54ec000 nmethod 11659 0x0000021bb0136a90 code [0x0000021bb0136f80, 0x0000021bb0139278]
Event: 22.692 Thread 0x0000021bc54ec000 11657       3       com.amazon.ion.impl.bin.IonManagedBinaryWriter::writeString (18 bytes)
Event: 22.692 Thread 0x0000021bc54ec000 nmethod 11657 0x0000021bb013a310 code [0x0000021bb013a4e0, 0x0000021bb013a6f8]
Event: 22.692 Thread 0x0000021bc54ec000 11658       3       com.amazon.ion.impl.bin.IonManagedBinaryWriter$UserState::writeString (1 bytes)
Event: 22.692 Thread 0x0000021bc54ec000 nmethod 11658 0x0000021bb013a810 code [0x0000021bb013a9c0, 0x0000021bb013aab8]
Event: 22.692 Thread 0x0000021bc54ec000 11660       3       java.nio.ByteBuffer::flip (5 bytes)
Event: 22.692 Thread 0x0000021bc54ec000 nmethod 11660 0x0000021bb013ab90 code [0x0000021bb013ad40, 0x0000021bb013aee8]
Event: 22.692 Thread 0x0000021bc54ec000 11661       3       java.nio.CharBuffer::rewind (5 bytes)
Event: 22.693 Thread 0x0000021bc54ec000 nmethod 11661 0x0000021bb013af90 code [0x0000021bb013b140, 0x0000021bb013b318]
Event: 22.693 Thread 0x0000021bc54ec000 11662       3       java.nio.CharBuffer::rewind (7 bytes)
Event: 22.693 Thread 0x0000021bc54ec000 nmethod 11662 0x0000021bb013b410 code [0x0000021bb013b5c0, 0x0000021bb013b738]

GC Heap History (20 events):
Event: 17.463 GC heap before
{Heap before GC invocations=38 (full 0):
 garbage-first heap   total 189440K, used 166912K [0x0000000080000000, 0x0000000100000000)
  region size 1024K, 44 young (45056K), 6 survivors (6144K)
 Metaspace       used 84504K, capacity 86515K, committed 86656K, reserved 1124352K
  class space    used 10862K, capacity 11605K, committed 11648K, reserved 1048576K
}
Event: 17.476 GC heap after
{Heap after GC invocations=39 (full 0):
 garbage-first heap   total 189440K, used 135846K [0x0000000080000000, 0x0000000100000000)
  region size 1024K, 6 young (6144K), 6 survivors (6144K)
 Metaspace       used 84504K, capacity 86515K, committed 86656K, reserved 1124352K
  class space    used 10862K, capacity 11605K, committed 11648K, reserved 1048576K
}
Event: 17.673 GC heap before
{Heap before GC invocations=39 (full 0):
 garbage-first heap   total 189440K, used 160422K [0x0000000080000000, 0x0000000100000000)
  region size 1024K, 30 young (30720K), 6 survivors (6144K)
 Metaspace       used 85222K, capacity 87373K, committed 87680K, reserved 1124352K
  class space    used 10959K, capacity 11780K, committed 11904K, reserved 1048576K
}
Event: 17.680 GC heap after
{Heap after GC invocations=40 (full 0):
 garbage-first heap   total 189440K, used 136879K [0x0000000080000000, 0x0000000100000000)
  region size 1024K, 1 young (1024K), 1 survivors (1024K)
 Metaspace       used 85222K, capacity 87373K, committed 87680K, reserved 1124352K
  class space    used 10959K, capacity 11780K, committed 11904K, reserved 1048576K
}
Event: 17.849 GC heap before
{Heap before GC invocations=40 (full 0):
 garbage-first heap   total 189440K, used 161455K [0x0000000080000000, 0x0000000100000000)
  region size 1024K, 25 young (25600K), 1 survivors (1024K)
 Metaspace       used 85947K, capacity 88019K, committed 88192K, reserved 1126400K
  class space    used 11049K, capacity 11845K, committed 11904K, reserved 1048576K
}
Event: 17.854 GC heap after
{Heap after GC invocations=41 (full 0):
 garbage-first heap   total 227328K, used 137013K [0x0000000080000000, 0x0000000100000000)
  region size 1024K, 1 young (1024K), 1 survivors (1024K)
 Metaspace       used 85947K, capacity 88019K, committed 88192K, reserved 1126400K
  class space    used 11049K, capacity 11845K, committed 11904K, reserved 1048576K
}
Event: 17.930 GC heap before
{Heap before GC invocations=42 (full 0):
 garbage-first heap   total 227328K, used 140085K [0x0000000080000000, 0x0000000100000000)
  region size 1024K, 5 young (5120K), 1 survivors (1024K)
 Metaspace       used 86363K, capacity 88505K, committed 88704K, reserved 1126400K
  class space    used 11083K, capacity 11878K, committed 11904K, reserved 1048576K
}
Event: 17.934 GC heap after
{Heap after GC invocations=43 (full 0):
 garbage-first heap   total 227328K, used 137330K [0x0000000080000000, 0x0000000100000000)
  region size 1024K, 2 young (2048K), 2 survivors (2048K)
 Metaspace       used 86363K, capacity 88505K, committed 88704K, reserved 1126400K
  class space    used 11083K, capacity 11878K, committed 11904K, reserved 1048576K
}
Event: 18.481 GC heap before
{Heap before GC invocations=44 (full 0):
 garbage-first heap   total 227328K, used 172146K [0x0000000080000000, 0x0000000100000000)
  region size 1024K, 35 young (35840K), 2 survivors (2048K)
 Metaspace       used 90569K, capacity 92692K, committed 92800K, reserved 1130496K
  class space    used 11595K, capacity 12355K, committed 12416K, reserved 1048576K
}
Event: 18.485 GC heap after
{Heap after GC invocations=45 (full 0):
 garbage-first heap   total 227328K, used 137763K [0x0000000080000000, 0x0000000100000000)
  region size 1024K, 2 young (2048K), 2 survivors (2048K)
 Metaspace       used 90569K, capacity 92692K, committed 92800K, reserved 1130496K
  class space    used 11595K, capacity 12355K, committed 12416K, reserved 1048576K
}
Event: 19.397 GC heap before
{Heap before GC invocations=45 (full 0):
 garbage-first heap   total 227328K, used 174627K [0x0000000080000000, 0x0000000100000000)
  region size 1024K, 38 young (38912K), 2 survivors (2048K)
 Metaspace       used 94759K, capacity 97047K, committed 97152K, reserved 1134592K
  class space    used 12125K, capacity 12913K, committed 12928K, reserved 1048576K
}
Event: 19.408 GC heap after
{Heap after GC invocations=46 (full 0):
 garbage-first heap   total 227328K, used 140105K [0x0000000080000000, 0x0000000100000000)
  region size 1024K, 4 young (4096K), 4 survivors (4096K)
 Metaspace       used 94759K, capacity 97047K, committed 97152K, reserved 1134592K
  class space    used 12125K, capacity 12913K, committed 12928K, reserved 1048576K
}
Event: 20.492 GC heap before
{Heap before GC invocations=47 (full 0):
 garbage-first heap   total 227328K, used 177993K [0x0000000080000000, 0x0000000100000000)
  region size 1024K, 41 young (41984K), 4 survivors (4096K)
 Metaspace       used 98419K, capacity 100789K, committed 100992K, reserved 1136640K
  class space    used 12588K, capacity 13408K, committed 13440K, reserved 1048576K
}
Event: 20.503 GC heap after
{Heap after GC invocations=48 (full 0):
 garbage-first heap   total 227328K, used 143302K [0x0000000080000000, 0x0000000100000000)
  region size 1024K, 6 young (6144K), 6 survivors (6144K)
 Metaspace       used 98419K, capacity 100789K, committed 100992K, reserved 1136640K
  class space    used 12588K, capacity 13408K, committed 13440K, reserved 1048576K
}
Event: 21.041 GC heap before
{Heap before GC invocations=48 (full 0):
 garbage-first heap   total 227328K, used 179142K [0x0000000080000000, 0x0000000100000000)
  region size 1024K, 42 young (43008K), 6 survivors (6144K)
 Metaspace       used 98802K, capacity 101177K, committed 101376K, reserved 1136640K
  class space    used 12608K, capacity 13465K, committed 13568K, reserved 1048576K
}
Event: 21.055 GC heap after
{Heap after GC invocations=49 (full 0):
 garbage-first heap   total 227328K, used 146121K [0x0000000080000000, 0x0000000100000000)
  region size 1024K, 6 young (6144K), 6 survivors (6144K)
 Metaspace       used 98802K, capacity 101177K, committed 101376K, reserved 1136640K
  class space    used 12608K, capacity 13465K, committed 13568K, reserved 1048576K
}
Event: 22.078 GC heap before
{Heap before GC invocations=50 (full 0):
 garbage-first heap   total 227328K, used 182985K [0x0000000080000000, 0x0000000100000000)
  region size 1024K, 43 young (44032K), 6 survivors (6144K)
 Metaspace       used 99969K, capacity 102367K, committed 102400K, reserved 1138688K
  class space    used 12694K, capacity 13564K, committed 13568K, reserved 1048576K
}
Event: 22.088 GC heap after
{Heap after GC invocations=51 (full 0):
 garbage-first heap   total 227328K, used 148470K [0x0000000080000000, 0x0000000100000000)
  region size 1024K, 6 young (6144K), 6 survivors (6144K)
 Metaspace       used 99969K, capacity 102367K, committed 102400K, reserved 1138688K
  class space    used 12694K, capacity 13564K, committed 13568K, reserved 1048576K
}
Event: 22.621 GC heap before
{Heap before GC invocations=51 (full 0):
 garbage-first heap   total 227328K, used 186358K [0x0000000080000000, 0x0000000100000000)
  region size 1024K, 43 young (44032K), 6 survivors (6144K)
 Metaspace       used 101362K, capacity 103826K, committed 103936K, reserved 1138688K
  class space    used 12862K, capacity 13790K, committed 13824K, reserved 1048576K
}
Event: 22.633 GC heap after
{Heap after GC invocations=52 (full 0):
 garbage-first heap   total 273408K, used 151230K [0x0000000080000000, 0x0000000100000000)
  region size 1024K, 6 young (6144K), 6 survivors (6144K)
 Metaspace       used 101362K, capacity 103826K, committed 103936K, reserved 1138688K
  class space    used 12862K, capacity 13790K, committed 13824K, reserved 1048576K
}

Deoptimization events (20 events):
Event: 22.553 Thread 0x0000021bc77c0800 DEOPT PACKING pc=0x0000021bb61ef144 sp=0x0000002d7e7f9ae0
Event: 22.553 Thread 0x0000021bc77c0800 DEOPT UNPACKING pc=0x0000021bae33a1af sp=0x0000002d7e7f9a90 mode 2
Event: 22.553 Thread 0x0000021bc77c0800 Uncommon trap: trap_request=0xffffffc6 fr.pc=0x0000021bb61eb0a8 relative=0x0000000000000e88
Event: 22.553 Thread 0x0000021bc77c0800 Uncommon trap: reason=bimorphic_or_optimized_type_check action=maybe_recompile pc=0x0000021bb61eb0a8 method=java.util.Hashtable.put(Ljava/lang/Object;Ljava/lang/Object;)Ljava/lang/Object; @ 18 c2
Event: 22.553 Thread 0x0000021bc77c0800 DEOPT PACKING pc=0x0000021bb61eb0a8 sp=0x0000002d7e7f9ab0
Event: 22.553 Thread 0x0000021bc77c0800 DEOPT UNPACKING pc=0x0000021bae33a1af sp=0x0000002d7e7f9a88 mode 2
Event: 22.566 Thread 0x0000021bc77c0800 DEOPT PACKING pc=0x0000021baed9ef11 sp=0x0000002d7e7f9aa0
Event: 22.566 Thread 0x0000021bc77c0800 DEOPT UNPACKING pc=0x0000021bae33a95e sp=0x0000002d7e7f8f78 mode 0
Event: 22.566 Thread 0x0000021bc77c0800 DEOPT PACKING pc=0x0000021baeda1316 sp=0x0000002d7e7f9a70
Event: 22.566 Thread 0x0000021bc77c0800 DEOPT UNPACKING pc=0x0000021bae33a95e sp=0x0000002d7e7f8f88 mode 0
Event: 22.566 Thread 0x0000021bc77c0800 DEOPT PACKING pc=0x0000021baed9ef11 sp=0x0000002d7e7f9aa0
Event: 22.566 Thread 0x0000021bc77c0800 DEOPT UNPACKING pc=0x0000021bae33a95e sp=0x0000002d7e7f8f78 mode 0
Event: 22.568 Thread 0x0000021bc77c0800 DEOPT PACKING pc=0x0000021baeda1316 sp=0x0000002d7e7f9a70
Event: 22.568 Thread 0x0000021bc77c0800 DEOPT UNPACKING pc=0x0000021bae33a95e sp=0x0000002d7e7f8f88 mode 0
Event: 22.570 Thread 0x0000021bc77c0800 Uncommon trap: trap_request=0xffffff4d fr.pc=0x0000021bb5e60a28 relative=0x0000000000000568
Event: 22.570 Thread 0x0000021bc77c0800 Uncommon trap: reason=unstable_if action=reinterpret pc=0x0000021bb5e60a28 method=java.lang.String.replace(CC)Ljava/lang/String; @ 2 c2
Event: 22.570 Thread 0x0000021bc77c0800 DEOPT PACKING pc=0x0000021bb5e60a28 sp=0x0000002d7e7f9ba0
Event: 22.570 Thread 0x0000021bc77c0800 DEOPT UNPACKING pc=0x0000021bae33a1af sp=0x0000002d7e7f9b50 mode 2
Event: 22.573 Thread 0x0000021bc77c0800 DEOPT PACKING pc=0x0000021baf0b0ceb sp=0x0000002d7e7f9690
Event: 22.573 Thread 0x0000021bc77c0800 DEOPT UNPACKING pc=0x0000021bae33a95e sp=0x0000002d7e7f8af0 mode 0

Classes redefined (0 events):
No events

Internal exceptions (20 events):
Event: 22.610 Thread 0x0000021bc77c0800 Exception <a 'java/lang/ClassNotFoundException'{0x000000008ba524c8}: org/gradle/api/internal/tasks/DefaultTaskContainer_DecoratedBeanInfo> (0x000000008ba524c8) thrown at [./src/hotspot/share/classfile/systemDictionary.cpp, line 231]
Event: 22.611 Thread 0x0000021bc77c0800 Exception <a 'java/lang/ClassNotFoundException'{0x000000008ba69098}: org/gradle/api/internal/tasks/DefaultTaskContainerBeanInfo> (0x000000008ba69098) thrown at [./src/hotspot/share/classfile/systemDictionary.cpp, line 231]
Event: 22.612 Thread 0x0000021bc77c0800 Exception <a 'java/lang/ClassNotFoundException'{0x000000008ba807b0}: org/gradle/api/internal/tasks/DefaultTaskCollectionBeanInfo> (0x000000008ba807b0) thrown at [./src/hotspot/share/classfile/systemDictionary.cpp, line 231]
Event: 22.612 Thread 0x0000021bc77c0800 Exception <a 'java/lang/ClassNotFoundException'{0x000000008ba97eb0}: org/gradle/api/internal/tasks/DefaultTaskCollectionCustomizer> (0x000000008ba97eb0) thrown at [./src/hotspot/share/classfile/systemDictionary.cpp, line 231]
Event: 22.613 Thread 0x0000021bc77c0800 Exception <a 'java/lang/ClassNotFoundException'{0x000000008bad8008}: org/gradle/api/internal/tasks/DefaultTaskContainerCustomizer> (0x000000008bad8008) thrown at [./src/hotspot/share/classfile/systemDictionary.cpp, line 231]
Event: 22.615 Thread 0x0000021bc77c0800 Exception <a 'java/lang/ClassNotFoundException'{0x000000008b939540}: org/gradle/api/internal/tasks/DefaultTaskContainer_DecoratedCustomizer> (0x000000008b939540) thrown at [./src/hotspot/share/classfile/systemDictionary.cpp, line 231]
Event: 22.636 Thread 0x0000021bc77c0800 Exception <a 'java/lang/ClassNotFoundException'{0x0000000090ac56b8}: java/util/ArrayListBeanInfo> (0x0000000090ac56b8) thrown at [./src/hotspot/share/classfile/systemDictionary.cpp, line 231]
Event: 22.636 Thread 0x0000021bc77c0800 Exception <a 'java/lang/ClassNotFoundException'{0x0000000090ace978}: java/util/AbstractListBeanInfo> (0x0000000090ace978) thrown at [./src/hotspot/share/classfile/systemDictionary.cpp, line 231]
Event: 22.636 Thread 0x0000021bc77c0800 Exception <a 'java/lang/ClassNotFoundException'{0x0000000090ad7c48}: java/util/AbstractListCustomizer> (0x0000000090ad7c48) thrown at [./src/hotspot/share/classfile/systemDictionary.cpp, line 231]
Event: 22.637 Thread 0x0000021bc77c0800 Exception <a 'java/lang/ClassNotFoundException'{0x0000000090aeb750}: java/util/ArrayListCustomizer> (0x0000000090aeb750) thrown at [./src/hotspot/share/classfile/systemDictionary.cpp, line 231]
Event: 22.645 Thread 0x0000021bc77c0800 Exception <a 'java/lang/ClassNotFoundException'{0x0000000090984fa8}: java/util/CollectionBeanInfo> (0x0000000090984fa8) thrown at [./src/hotspot/share/classfile/systemDictionary.cpp, line 231]
Event: 22.646 Thread 0x0000021bc77c0800 Exception <a 'java/lang/ClassNotFoundException'{0x000000009098e238}: java/util/CollectionCustomizer> (0x000000009098e238) thrown at [./src/hotspot/share/classfile/systemDictionary.cpp, line 231]
Event: 22.660 Thread 0x0000021bc77c0800 Exception <a 'java/lang/ClassNotFoundException'{0x0000000090816198}: org/gradle/api/tasks/SourceSetBeanInfo> (0x0000000090816198) thrown at [./src/hotspot/share/classfile/systemDictionary.cpp, line 231]
Event: 22.661 Thread 0x0000021bc77c0800 Exception <a 'java/lang/ClassNotFoundException'{0x0000000090832108}: org/gradle/api/tasks/SourceSetCustomizer> (0x0000000090832108) thrown at [./src/hotspot/share/classfile/systemDictionary.cpp, line 231]
Event: 22.665 Thread 0x0000021bc77c0800 Exception <a 'java/lang/ClassNotFoundException'{0x00000000908ac370}: java/util/LinkedHashMapBeanInfo> (0x00000000908ac370) thrown at [./src/hotspot/share/classfile/systemDictionary.cpp, line 231]
Event: 22.666 Thread 0x0000021bc77c0800 Exception <a 'java/lang/ClassNotFoundException'{0x00000000908b4d20}: java/util/HashMapBeanInfo> (0x00000000908b4d20) thrown at [./src/hotspot/share/classfile/systemDictionary.cpp, line 231]
Event: 22.666 Thread 0x0000021bc77c0800 Exception <a 'java/lang/ClassNotFoundException'{0x00000000908be730}: java/util/AbstractMapBeanInfo> (0x00000000908be730) thrown at [./src/hotspot/share/classfile/systemDictionary.cpp, line 231]
Event: 22.667 Thread 0x0000021bc77c0800 Exception <a 'java/lang/ClassNotFoundException'{0x00000000908c7a00}: java/util/AbstractMapCustomizer> (0x00000000908c7a00) thrown at [./src/hotspot/share/classfile/systemDictionary.cpp, line 231]
Event: 22.668 Thread 0x0000021bc77c0800 Exception <a 'java/lang/ClassNotFoundException'{0x00000000908da6c0}: java/util/HashMapCustomizer> (0x00000000908da6c0) thrown at [./src/hotspot/share/classfile/systemDictionary.cpp, line 231]
Event: 22.670 Thread 0x0000021bc77c0800 Exception <a 'java/lang/ClassNotFoundException'{0x00000000908fb368}: java/util/LinkedHashMapCustomizer> (0x00000000908fb368) thrown at [./src/hotspot/share/classfile/systemDictionary.cpp, line 231]

Events (20 events):
Event: 22.686 loading class org/jetbrains/plugins/gradle/tooling/serialization/ExternalProjectSerializationService$7
Event: 22.686 loading class org/jetbrains/plugins/gradle/tooling/serialization/ExternalProjectSerializationService$7 done
Event: 22.687 loading class org/jetbrains/plugins/gradle/tooling/serialization/ExternalProjectSerializationService$8
Event: 22.687 loading class org/jetbrains/plugins/gradle/tooling/serialization/ExternalProjectSerializationService$8 done
Event: 22.692 loading class org/jetbrains/plugins/gradle/tooling/serialization/ToolingStreamApiUtils
Event: 22.692 loading class org/jetbrains/plugins/gradle/tooling/serialization/ToolingStreamApiUtils done
Event: 22.694 loading class com/amazon/ion/system/IonBinaryWriterBuilder
Event: 22.694 loading class com/amazon/ion/system/IonBinaryWriterBuilder done
Event: 22.697 loading class com/amazon/ion/system/IonWriterBuilderBase
Event: 22.697 loading class com/amazon/ion/system/IonWriterBuilderBase done
Event: 22.699 loading class com/amazon/ion/system/IonWriterBuilder
Event: 22.699 loading class com/amazon/ion/system/IonWriterBuilder done
Event: 22.700 loading class com/amazon/ion/impl/_Private_IonBinaryWriterBuilder
Event: 22.700 loading class com/amazon/ion/impl/_Private_IonBinaryWriterBuilder done
Event: 22.703 loading class com/amazon/ion/impl/bin/BlockAllocatorProvider
Event: 22.703 loading class com/amazon/ion/impl/bin/BlockAllocatorProvider done
Event: 22.704 loading class com/amazon/ion/impl/bin/PooledBlockAllocatorProvider
Event: 22.704 loading class com/amazon/ion/impl/bin/PooledBlockAllocatorProvider done
Event: 22.706 loading class com/amazon/ion/impl/_Private_IonBinaryWriterBuilder$Mutable
Event: 22.706 loading class com/amazon/ion/impl/_Private_IonBinaryWriterBuilder$Mutable done


Dynamic libraries:
0x00007ff7a2c60000 - 0x00007ff7a2c6a000 	C:\Program Files\Android\Android Studio\jre\bin\java.exe
0x00007fff32cf0000 - 0x00007fff32ee8000 	C:\WINDOWS\SYSTEM32\ntdll.dll
0x00007fff31710000 - 0x00007fff317cf000 	C:\WINDOWS\System32\KERNEL32.DLL
0x00007fff30810000 - 0x00007fff30aea000 	C:\WINDOWS\System32\KERNELBASE.dll
0x00007fff30480000 - 0x00007fff30580000 	C:\WINDOWS\System32\ucrtbase.dll
0x00007fff27ac0000 - 0x00007fff27ad7000 	C:\Program Files\Android\Android Studio\jre\bin\VCRUNTIME140.dll
0x00007fff276a0000 - 0x00007fff276b9000 	C:\Program Files\Android\Android Studio\jre\bin\jli.dll
0x00007fff32780000 - 0x00007fff3291d000 	C:\WINDOWS\System32\USER32.dll
0x00007fff30450000 - 0x00007fff30472000 	C:\WINDOWS\System32\win32u.dll
0x00007fff32920000 - 0x00007fff3294b000 	C:\WINDOWS\System32\GDI32.dll
0x00007fff30580000 - 0x00007fff30690000 	C:\WINDOWS\System32\gdi32full.dll
0x00007fff306c0000 - 0x00007fff3075d000 	C:\WINDOWS\System32\msvcp_win.dll
0x00007fff194f0000 - 0x00007fff1978a000 	C:\WINDOWS\WinSxS\amd64_microsoft.windows.common-controls_6595b64144ccf1df_6.0.19041.1110_none_60b5254171f9507e\COMCTL32.dll
0x00007fff325d0000 - 0x00007fff3266e000 	C:\WINDOWS\System32\msvcrt.dll
0x00007fff31c00000 - 0x00007fff31c30000 	C:\WINDOWS\System32\IMM32.DLL
0x0000000076a50000 - 0x0000000076a5c000 	C:\Program Files (x86)\360\Total Security\safemon\SafeWrapper.dll
0x00007fff30d70000 - 0x00007fff30e1e000 	C:\WINDOWS\System32\ADVAPI32.dll
0x00007fff314c0000 - 0x00007fff3155c000 	C:\WINDOWS\System32\sechost.dll
0x00007fff31860000 - 0x00007fff31986000 	C:\WINDOWS\System32\RPCRT4.dll
0x00007fff00500000 - 0x00007fff00592000 	C:\Program Files (x86)\360\Total Security\safemon\libzdtp64.dll
0x00007fff31c30000 - 0x00007fff32374000 	C:\WINDOWS\System32\SHELL32.dll
0x00007fff32720000 - 0x00007fff32775000 	C:\WINDOWS\System32\SHLWAPI.dll
0x00007fff2ffb0000 - 0x00007fff2ffba000 	C:\WINDOWS\SYSTEM32\VERSION.dll
0x00007ffefe6d0000 - 0x00007ffefe76d000 	C:\Program Files\Android\Android Studio\jre\bin\msvcp140.dll
0x00007ffee2340000 - 0x00007ffee2e42000 	C:\Program Files\Android\Android Studio\jre\bin\server\jvm.dll
0x00007fff30e20000 - 0x00007fff30e28000 	C:\WINDOWS\System32\PSAPI.DLL
0x00007fff1b300000 - 0x00007fff1b327000 	C:\WINDOWS\SYSTEM32\WINMM.dll
0x00007fff2b8e0000 - 0x00007fff2b8e9000 	C:\WINDOWS\SYSTEM32\WSOCK32.dll
0x00007fff31b90000 - 0x00007fff31bfb000 	C:\WINDOWS\System32\WS2_32.dll
0x00007fff2ebf0000 - 0x00007fff2ec02000 	C:\WINDOWS\SYSTEM32\kernel.appcore.dll
0x00007fff29210000 - 0x00007fff29221000 	C:\Program Files\Android\Android Studio\jre\bin\verify.dll
0x00007fff24990000 - 0x00007fff24b74000 	C:\WINDOWS\SYSTEM32\DBGHELP.DLL
0x00007fff19890000 - 0x00007fff198c4000 	C:\WINDOWS\SYSTEM32\dbgcore.DLL
0x00007fff30c50000 - 0x00007fff30cd2000 	C:\WINDOWS\System32\bcryptPrimitives.dll
0x00007fff1bc90000 - 0x00007fff1bcb9000 	C:\Program Files\Android\Android Studio\jre\bin\java.dll
0x00007fff29200000 - 0x00007fff2920b000 	C:\Program Files\Android\Android Studio\jre\bin\jimage.dll
0x00007fff1bdc0000 - 0x00007fff1bdd8000 	C:\Program Files\Android\Android Studio\jre\bin\zip.dll
0x00007fff2e3c0000 - 0x00007fff2eb53000 	C:\WINDOWS\SYSTEM32\windows.storage.dll
0x00007fff32950000 - 0x00007fff32ca4000 	C:\WINDOWS\System32\combase.dll
0x00007fff2fca0000 - 0x00007fff2fcce000 	C:\WINDOWS\SYSTEM32\Wldp.dll
0x00007fff32380000 - 0x00007fff3242d000 	C:\WINDOWS\System32\SHCORE.dll
0x00007fff30340000 - 0x00007fff3035f000 	C:\WINDOWS\SYSTEM32\profapi.dll
0x00007fff19a10000 - 0x00007fff19a2a000 	C:\Program Files\Android\Android Studio\jre\bin\net.dll
0x00007fff2e0d0000 - 0x00007fff2e1da000 	C:\WINDOWS\SYSTEM32\WINHTTP.dll
0x00007fff2fa10000 - 0x00007fff2fa7a000 	C:\WINDOWS\system32\mswsock.dll
0x00007fff0e4b0000 - 0x00007fff0e4c4000 	C:\Program Files\Android\Android Studio\jre\bin\nio.dll
0x00007fff1bdf0000 - 0x00007fff1be17000 	C:\Users\Admin\.gradle\native\e1d6ef7f7dcc3fd88c89a11ec53ec762bb8ba0a96d01ffa2cd45eb1d1d8dd5c5\windows-amd64\native-platform.dll
0x00007ffefdb70000 - 0x00007ffefdcb4000 	C:\Users\Admin\.gradle\native\0d407fdbe67a94daf76414ababcb853783967236a71b16ec16e742cd7a986fd3\windows-amd64\native-platform-file-events.dll
0x00007fff291f0000 - 0x00007fff291fa000 	C:\Program Files\Android\Android Studio\jre\bin\management.dll
0x00007fff29160000 - 0x00007fff2916d000 	C:\Program Files\Android\Android Studio\jre\bin\management_ext.dll
0x00007fff2fce0000 - 0x00007fff2fcf8000 	C:\WINDOWS\SYSTEM32\CRYPTSP.dll
0x00007fff2f350000 - 0x00007fff2f384000 	C:\WINDOWS\system32\rsaenh.dll
0x00007fff30690000 - 0x00007fff306b7000 	C:\WINDOWS\System32\bcrypt.dll
0x00007fff30300000 - 0x00007fff3032e000 	C:\WINDOWS\SYSTEM32\USERENV.dll
0x00007fff2fba0000 - 0x00007fff2fbac000 	C:\WINDOWS\SYSTEM32\CRYPTBASE.dll
0x00007fff2f720000 - 0x00007fff2f75c000 	C:\WINDOWS\SYSTEM32\IPHLPAPI.DLL
0x00007fff325c0000 - 0x00007fff325c8000 	C:\WINDOWS\System32\NSI.dll
0x00007fff294a0000 - 0x00007fff294b7000 	C:\WINDOWS\SYSTEM32\dhcpcsvc6.DLL
0x00007fff29480000 - 0x00007fff2949d000 	C:\WINDOWS\SYSTEM32\dhcpcsvc.DLL
0x00007fff2f760000 - 0x00007fff2f82b000 	C:\WINDOWS\SYSTEM32\DNSAPI.dll

dbghelp: loaded successfully - version: 4.0.5 - missing functions: none
symbol engine: initialized successfully - sym options: 0x614 - pdb path: .;C:\Program Files\Android\Android Studio\jre\bin;C:\WINDOWS\SYSTEM32;C:\WINDOWS\WinSxS\amd64_microsoft.windows.common-controls_6595b64144ccf1df_6.0.19041.1110_none_60b5254171f9507e;C:\Program Files (x86)\360\Total Security\safemon;C:\Program Files\Android\Android Studio\jre\bin\server;C:\Users\Admin\.gradle\native\e1d6ef7f7dcc3fd88c89a11ec53ec762bb8ba0a96d01ffa2cd45eb1d1d8dd5c5\windows-amd64;C:\Users\Admin\.gradle\native\0d407fdbe67a94daf76414ababcb853783967236a71b16ec16e742cd7a986fd3\windows-amd64

VM Arguments:
jvm_args: --add-opens=java.base/java.util=ALL-UNNAMED --add-opens=java.base/java.lang=ALL-UNNAMED --add-opens=java.base/java.lang.invoke=ALL-UNNAMED --add-opens=java.base/java.util=ALL-UNNAMED --add-opens=java.prefs/java.util.prefs=ALL-UNNAMED --add-opens=java.prefs/java.util.prefs=ALL-UNNAMED --add-opens=java.base/java.nio.charset=ALL-UNNAMED --add-opens=java.base/java.net=ALL-UNNAMED --add-opens=java.base/java.util.concurrent.atomic=ALL-UNNAMED -Xmx2048m -Dfile.encoding=UTF-8 -Duser.country=US -Duser.language=en -Duser.variant 
java_command: org.gradle.launcher.daemon.bootstrap.GradleDaemon 7.4
java_class_path (initial): C:\Users\Admin\.gradle\wrapper\dists\gradle-7.4-bin\c0gwcg53nkjbqw7r0h0umtfvt\gradle-7.4\lib\gradle-launcher-7.4.jar
Launcher Type: SUN_STANDARD

[Global flags]
     intx CICompilerCount                          = 4                                         {product} {ergonomic}
     uint ConcGCThreads                            = 2                                         {product} {ergonomic}
     uint G1ConcRefinementThreads                  = 8                                         {product} {ergonomic}
   size_t G1HeapRegionSize                         = 1048576                                   {product} {ergonomic}
    uintx GCDrainStackTargetSize                   = 64                                        {product} {ergonomic}
   size_t InitialHeapSize                          = 134217728                                 {product} {ergonomic}
   size_t MarkStackSize                            = 4194304                                   {product} {ergonomic}
   size_t MaxHeapSize                              = 2147483648                                {product} {command line}
   size_t MaxNewSize                               = 1287651328                                {product} {ergonomic}
   size_t MinHeapDeltaBytes                        = 1048576                                   {product} {ergonomic}
    uintx NonNMethodCodeHeapSize                   = 5836300                                {pd product} {ergonomic}
    uintx NonProfiledCodeHeapSize                  = 122910970                              {pd product} {ergonomic}
    uintx ProfiledCodeHeapSize                     = 122910970                              {pd product} {ergonomic}
    uintx ReservedCodeCacheSize                    = 251658240                              {pd product} {ergonomic}
     bool SegmentedCodeCache                       = true                                      {product} {ergonomic}
     bool UseCompressedClassPointers               = true                                 {lp64_product} {ergonomic}
     bool UseCompressedOops                        = true                                 {lp64_product} {ergonomic}
     bool UseG1GC                                  = true                                      {product} {ergonomic}
     bool UseLargePagesIndividualAllocation        = false                                  {pd product} {ergonomic}

Logging:
Log output configuration:
 #0: stdout all=warning uptime,level,tags
 #1: stderr all=off uptime,level,tags

Environment Variables:
PATH=C:\Program Files\Common Files\Oracle\Java\javapath;C:\ProgramData\Oracle\Java\javapath;C:\WINDOWS\system32;C:\WINDOWS;C:\WINDOWS\System32\Wbem;C:\WINDOWS\System32\WindowsPowerShell\v1.0\;C:\WINDOWS\System32\OpenSSH\;%QUARTUS_ROOTDIR%\bin;C:\Program Files (x86)\Microchip\MPLAB C32 Suite\bin;C:\Users\Admin\Desktop\???????\bin;C:\Aldec\Active-HDL-Student-Edition\bin;C:\Program Files\Polyspace\R2019b\runtime\win64;C:\Program Files\Polyspace\R2019b\bin;C:\Program Files\Polyspace\R2019b\polyspace\bin;C:\Users\Admin\Desktop\bin;D:\Git\cmd;C:\Program Files\nodejs\;C:\Program Files\MySQL\MySQL Server 8.0\bin;C:\Program Files (x86)\HI-TECH Software\PICC\9.83\bin;C:\Users\Admin\AppData\Local\Microsoft\WindowsApps;;C:\Users\Admin\Desktop\Microsoft VS Code\bin;C:\Users\Admin\AppData\Roaming\npm;C:\Program Files\JetBrains\IntelliJ IDEA Community Edition 2022.2.3\bin;
USERNAME=Admin
OS=Windows_NT
PROCESSOR_IDENTIFIER=Intel64 Family 6 Model 142 Stepping 10, GenuineIntel



---------------  S Y S T E M  ---------------

OS: Windows 10 , 64 bit Build 19041 (10.0.19041.2788)
OS uptime: 0 days 18:34 hours
Hyper-V role detected

CPU:total 8 (initial active 8) (4 cores per cpu, 2 threads per core) family 6 model 142 stepping 10 microcode 0xc6, cmov, cx8, fxsr, mmx, sse, sse2, sse3, ssse3, sse4.1, sse4.2, popcnt, avx, avx2, clmul, erms, 3dnowpref, lzcnt, ht, tsc, tscinvbit, bmi1, bmi2, adx, fma

Memory: 4k page, system-wide physical 8088M (642M free)
TotalPageFile size 9995M (AvailPageFile size 5M)
current process WorkingSet (physical memory assigned to process): 553M, peak: 553M
current process commit charge ("private bytes"): 616M, peak: 618M

vm_info: OpenJDK 64-Bit Server VM (11.0.13+0-b1751.21-8125866) for windows-amd64 JRE (11.0.13+0-b1751.21-8125866), built on Feb  2 2022 03:00:22 by "builder" with MS VC++ 14.0 (VS2015)

END.
